1     0000              MODULE aalong_c
2     0000              LINE 0, "aalong.c"
0     0000              
1     0000              ;--------------------------------------------------------
2     0000              ; File Created by SDCC : free open source ANSI-C Compiler
3     0000              ; Version 4.1.0 #12069 (MINGW64)
4     0000              ;--------------------------------------------------------
5     0000              ; Processed by Z88DK
6     0000              ;--------------------------------------------------------
7     0000              
8     0000              	EXTERN __divschar
9     0000              	EXTERN __divschar_callee
10    0000              	EXTERN __divsint
11    0000              	EXTERN __divsint_callee
12    0000              	EXTERN __divslong
13    0000              	EXTERN __divslong_callee
14    0000              	EXTERN __divslonglong
15    0000              	EXTERN __divslonglong_callee
16    0000              	EXTERN __divsuchar
17    0000              	EXTERN __divsuchar_callee
18    0000              	EXTERN __divuchar
19    0000              	EXTERN __divuchar_callee
20    0000              	EXTERN __divuint
21    0000              	EXTERN __divuint_callee
22    0000              	EXTERN __divulong
23    0000              	EXTERN __divulong_callee
24    0000              	EXTERN __divulonglong
25    0000              	EXTERN __divulonglong_callee
26    0000              	EXTERN __divuschar
27    0000              	EXTERN __divuschar_callee
28    0000              	EXTERN __modschar
29    0000              	EXTERN __modschar_callee
30    0000              	EXTERN __modsint
31    0000              	EXTERN __modsint_callee
32    0000              	EXTERN __modslong
33    0000              	EXTERN __modslong_callee
34    0000              	EXTERN __modslonglong
35    0000              	EXTERN __modslonglong_callee
36    0000              	EXTERN __modsuchar
37    0000              	EXTERN __modsuchar_callee
38    0000              	EXTERN __moduchar
39    0000              	EXTERN __moduchar_callee
40    0000              	EXTERN __moduint
41    0000              	EXTERN __moduint_callee
42    0000              	EXTERN __modulong
43    0000              	EXTERN __modulong_callee
44    0000              	EXTERN __modulonglong
45    0000              	EXTERN __modulonglong_callee
46    0000              	EXTERN __moduschar
47    0000              	EXTERN __moduschar_callee
48    0000              	EXTERN __mulint
49    0000              	EXTERN __mulint_callee
50    0000              	EXTERN __mullong
51    0000              	EXTERN __mullong_callee
52    0000              	EXTERN __mullonglong
53    0000              	EXTERN __mullonglong_callee
54    0000              	EXTERN __mulschar
55    0000              	EXTERN __mulschar_callee
56    0000              	EXTERN __mulsuchar
57    0000              	EXTERN __mulsuchar_callee
58    0000              	EXTERN __muluchar
59    0000              	EXTERN __muluchar_callee
60    0000              	EXTERN __muluschar
61    0000              	EXTERN __muluschar_callee
62    0000              	EXTERN __rlslonglong
63    0000              	EXTERN __rlslonglong_callee
64    0000              	EXTERN __rlulonglong
65    0000              	EXTERN __rlulonglong_callee
66    0000              	EXTERN __rrslonglong
67    0000              	EXTERN __rrslonglong_callee
68    0000              	EXTERN __rrulonglong
69    0000              	EXTERN __rrulonglong_callee
70    0000              	EXTERN ___sdcc_call_hl
71    0000              	EXTERN ___sdcc_call_iy
72    0000              	EXTERN ___sdcc_enter_ix
73    0000              	EXTERN banked_call
74    0000              	EXTERN _banked_ret
75    0000              	EXTERN ___fs2schar
76    0000              	EXTERN ___fs2schar_callee
77    0000              	EXTERN ___fs2sint
78    0000              	EXTERN ___fs2sint_callee
79    0000              	EXTERN ___fs2slong
80    0000              	EXTERN ___fs2slong_callee
81    0000              	EXTERN ___fs2slonglong
82    0000              	EXTERN ___fs2slonglong_callee
83    0000              	EXTERN ___fs2uchar
84    0000              	EXTERN ___fs2uchar_callee
85    0000              	EXTERN ___fs2uint
86    0000              	EXTERN ___fs2uint_callee
87    0000              	EXTERN ___fs2ulong
88    0000              	EXTERN ___fs2ulong_callee
89    0000              	EXTERN ___fs2ulonglong
90    0000              	EXTERN ___fs2ulonglong_callee
91    0000              	EXTERN ___fsadd
92    0000              	EXTERN ___fsadd_callee
93    0000              	EXTERN ___fsdiv
94    0000              	EXTERN ___fsdiv_callee
95    0000              	EXTERN ___fseq
96    0000              	EXTERN ___fseq_callee
97    0000              	EXTERN ___fsgt
98    0000              	EXTERN ___fsgt_callee
99    0000              	EXTERN ___fslt
100   0000              	EXTERN ___fslt_callee
101   0000              	EXTERN ___fsmul
102   0000              	EXTERN ___fsmul_callee
103   0000              	EXTERN ___fsneq
104   0000              	EXTERN ___fsneq_callee
105   0000              	EXTERN ___fssub
106   0000              	EXTERN ___fssub_callee
107   0000              	EXTERN ___schar2fs
108   0000              	EXTERN ___schar2fs_callee
109   0000              	EXTERN ___sint2fs
110   0000              	EXTERN ___sint2fs_callee
111   0000              	EXTERN ___slong2fs
112   0000              	EXTERN ___slong2fs_callee
113   0000              	EXTERN ___slonglong2fs
114   0000              	EXTERN ___slonglong2fs_callee
115   0000              	EXTERN ___uchar2fs
116   0000              	EXTERN ___uchar2fs_callee
117   0000              	EXTERN ___uint2fs
118   0000              	EXTERN ___uint2fs_callee
119   0000              	EXTERN ___ulong2fs
120   0000              	EXTERN ___ulong2fs_callee
121   0000              	EXTERN ___ulonglong2fs
122   0000              	EXTERN ___ulonglong2fs_callee
123   0000              	EXTERN ____sdcc_2_copy_src_mhl_dst_deix
124   0000              	EXTERN ____sdcc_2_copy_src_mhl_dst_bcix
125   0000              	EXTERN ____sdcc_4_copy_src_mhl_dst_deix
126   0000              	EXTERN ____sdcc_4_copy_src_mhl_dst_bcix
127   0000              	EXTERN ____sdcc_4_copy_src_mhl_dst_mbc
128   0000              	EXTERN ____sdcc_4_ldi_nosave_bc
129   0000              	EXTERN ____sdcc_4_ldi_save_bc
130   0000              	EXTERN ____sdcc_4_push_hlix
131   0000              	EXTERN ____sdcc_4_push_mhl
132   0000              	EXTERN ____sdcc_lib_setmem_hl
133   0000              	EXTERN ____sdcc_ll_add_de_bc_hl
134   0000              	EXTERN ____sdcc_ll_add_de_bc_hlix
135   0000              	EXTERN ____sdcc_ll_add_de_hlix_bc
136   0000              	EXTERN ____sdcc_ll_add_de_hlix_bcix
137   0000              	EXTERN ____sdcc_ll_add_deix_bc_hl
138   0000              	EXTERN ____sdcc_ll_add_deix_hlix
139   0000              	EXTERN ____sdcc_ll_add_hlix_bc_deix
140   0000              	EXTERN ____sdcc_ll_add_hlix_deix_bc
141   0000              	EXTERN ____sdcc_ll_add_hlix_deix_bcix
142   0000              	EXTERN ____sdcc_ll_asr_hlix_a
143   0000              	EXTERN ____sdcc_ll_asr_mbc_a
144   0000              	EXTERN ____sdcc_ll_copy_src_de_dst_hlix
145   0000              	EXTERN ____sdcc_ll_copy_src_de_dst_hlsp
146   0000              	EXTERN ____sdcc_ll_copy_src_deix_dst_hl
147   0000              	EXTERN ____sdcc_ll_copy_src_deix_dst_hlix
148   0000              	EXTERN ____sdcc_ll_copy_src_deixm_dst_hlsp
149   0000              	EXTERN ____sdcc_ll_copy_src_desp_dst_hlsp
150   0000              	EXTERN ____sdcc_ll_copy_src_hl_dst_de
151   0000              	EXTERN ____sdcc_ll_copy_src_hlsp_dst_de
152   0000              	EXTERN ____sdcc_ll_copy_src_hlsp_dst_deixm
153   0000              	EXTERN ____sdcc_ll_lsl_hlix_a
154   0000              	EXTERN ____sdcc_ll_lsl_mbc_a
155   0000              	EXTERN ____sdcc_ll_lsr_hlix_a
156   0000              	EXTERN ____sdcc_ll_lsr_mbc_a
157   0000              	EXTERN ____sdcc_ll_push_hlix
158   0000              	EXTERN ____sdcc_ll_push_mhl
159   0000              	EXTERN ____sdcc_ll_sub_de_bc_hl
160   0000              	EXTERN ____sdcc_ll_sub_de_bc_hlix
161   0000              	EXTERN ____sdcc_ll_sub_de_hlix_bc
162   0000              	EXTERN ____sdcc_ll_sub_de_hlix_bcix
163   0000              	EXTERN ____sdcc_ll_sub_deix_bc_hl
164   0000              	EXTERN ____sdcc_ll_sub_deix_hlix
165   0000              	EXTERN ____sdcc_ll_sub_hlix_bc_deix
166   0000              	EXTERN ____sdcc_ll_sub_hlix_deix_bc
167   0000              	EXTERN ____sdcc_ll_sub_hlix_deix_bcix
168   0000              	EXTERN ____sdcc_load_debc_deix
169   0000              	EXTERN ____sdcc_load_dehl_deix
170   0000              	EXTERN ____sdcc_load_debc_mhl
171   0000              	EXTERN ____sdcc_load_hlde_mhl
172   0000              	EXTERN ____sdcc_store_dehl_bcix
173   0000              	EXTERN ____sdcc_store_debc_hlix
174   0000              	EXTERN ____sdcc_store_debc_mhl
175   0000              	EXTERN ____sdcc_cpu_pop_ei
176   0000              	EXTERN ____sdcc_cpu_pop_ei_jp
177   0000              	EXTERN ____sdcc_cpu_push_di
178   0000              	EXTERN ____sdcc_outi
179   0000              	EXTERN ____sdcc_outi_128
180   0000              	EXTERN ____sdcc_outi_256
181   0000              	EXTERN ____sdcc_ldi
182   0000              	EXTERN ____sdcc_ldi_128
183   0000              	EXTERN ____sdcc_ldi_256
184   0000              	EXTERN ____sdcc_4_copy_srcd_hlix_dst_deix
185   0000              	EXTERN ____sdcc_4_and_src_mbc_mhl_dst_deix
186   0000              	EXTERN ____sdcc_4_or_src_mbc_mhl_dst_deix
187   0000              	EXTERN ____sdcc_4_xor_src_mbc_mhl_dst_deix
188   0000              	EXTERN ____sdcc_4_or_src_dehl_dst_bcix
189   0000              	EXTERN ____sdcc_4_xor_src_dehl_dst_bcix
190   0000              	EXTERN ____sdcc_4_and_src_dehl_dst_bcix
191   0000              	EXTERN ____sdcc_4_xor_src_mbc_mhl_dst_debc
192   0000              	EXTERN ____sdcc_4_or_src_mbc_mhl_dst_debc
193   0000              	EXTERN ____sdcc_4_and_src_mbc_mhl_dst_debc
194   0000              	EXTERN ____sdcc_4_cpl_src_mhl_dst_debc
195   0000              	EXTERN ____sdcc_4_xor_src_debc_mhl_dst_debc
196   0000              	EXTERN ____sdcc_4_or_src_debc_mhl_dst_debc
197   0000              	EXTERN ____sdcc_4_and_src_debc_mhl_dst_debc
198   0000              	EXTERN ____sdcc_4_and_src_debc_hlix_dst_debc
199   0000              	EXTERN ____sdcc_4_or_src_debc_hlix_dst_debc
200   0000              	EXTERN ____sdcc_4_xor_src_debc_hlix_dst_debc
201   0000              
202   0000              ;--------------------------------------------------------
203   0000              ; Public variables in this module
204   0000              ;--------------------------------------------------------
205   0000              	GLOBAL _main
206   0000              	GLOBAL _mul
207   0000              	GLOBAL _putc
208   0000              ;--------------------------------------------------------
209   0000              ; Externals used
210   0000              ;--------------------------------------------------------
211   0000              ;--------------------------------------------------------
212   0000              ; special function registers
213   0000              ;--------------------------------------------------------
214   0000              ;--------------------------------------------------------
215   0000              ; ram data
216   0000              ;--------------------------------------------------------
217   0000              	SECTION bss_compiler
218   0000              ;--------------------------------------------------------
219   0000              ; ram data
220   0000              ;--------------------------------------------------------
221   0000              
222   0000              IF 0
223   0000              
224   0000              ; .area _INITIALIZED removed by z88dk
225   0000              
226   0000              
227   0000              ENDIF
228   0000              
229   0000              ;--------------------------------------------------------
230   0000              ; absolute external ram data
231   0000              ;--------------------------------------------------------
232   0000              	SECTION IGNORE
233   0000              ;--------------------------------------------------------
234   0000              ; global & static initialisations
235   0000              ;--------------------------------------------------------
236   0000              	SECTION code_crt_init
237   0000              ;--------------------------------------------------------
238   0000              ; Home
239   0000              ;--------------------------------------------------------
240   0000              	SECTION IGNORE
241   0000              ;--------------------------------------------------------
242   0000              ; code
243   0000              ;--------------------------------------------------------
244   0000              	SECTION code_compiler
245   0000              ;	---------------------------------
246   0000              ; Function putc
247   0000              ; ---------------------------------
248   0000              _putc:
249   0000  7D          	ld	a, l
250   0001  DF          	rst	18h
251   0002  C9          	ret
252   0003              ;	---------------------------------
253   0003              ; Function mul
254   0003              ; ---------------------------------
255   0003              _mul:
256   0003  DD E5       	push	ix
257   0005  DD 21 00 00 	ld	ix,0
258   0009  DD 39       	add	ix,sp
259   000B  F5          	push	af
260   000C  F5          	push	af
261   000D  DD 6E 04    	ld	l,(ix+4)
262   0010  DD 66 05    	ld	h,(ix+5)
263   0013  DD 4E 06    	ld	c,(ix+6)
264   0016  DD 46 07    	ld	b,(ix+7)
265   0019  CB 78       	bit	7, b
266   001B  28 09       	jr	Z,l_mul_00103
267   001D  D5          	push	de
268   001E  11 FF 0F    	ld	de,0x0fff
269   0021  19          	add	hl, de
270   0022  D1          	pop	de
271   0023  30 01       	jr	NC,l_mul_00115
272   0025  03          	inc	bc
273   0026              l_mul_00115:
274   0026              l_mul_00103:
275   0026  E3          	ex	(sp), hl
276   0027  DD 71 FE    	ld	(ix-2),c
277   002A  DD 70 FF    	ld	(ix-1),b
278   002D  06 0C       	ld	b,0x0c
279   002F              l_mul_00116:
280   002F  DD CB FF 2E 	sra	(ix-1)
281   0033  DD CB FE 1E 	rr	(ix-2)
282   0037  DD CB FD 1E 	rr	(ix-3)
283   003B  DD CB FC 1E 	rr	(ix-4)
284   003F  10 EE       	djnz	l_mul_00116
285   0041  DD 6E 08    	ld	l,(ix+8)
286   0044  DD 66 09    	ld	h,(ix+9)
287   0047  DD 5E 0A    	ld	e,(ix+10)
288   004A  DD 56 0B    	ld	d,(ix+11)
289   004D  CB 7A       	bit	7, d
290   004F  28 09       	jr	Z,l_mul_00104
291   0051  C5          	push	bc
292   0052  01 FF 0F    	ld	bc,0x0fff
293   0055  09          	add	hl, bc
294   0056  C1          	pop	bc
295   0057  30 01       	jr	NC,l_mul_00118
296   0059  13          	inc	de
297   005A              l_mul_00118:
298   005A              l_mul_00104:
299   005A  06 0C       	ld	b,0x0c
300   005C              l_mul_00119:
301   005C  CB 2A       	sra	d
302   005E  CB 1B       	rr	e
303   0060  CB 1C       	rr	h
304   0062  CB 1D       	rr	l
305   0064  10 F6       	djnz	l_mul_00119
306   0066  D5          	push	de
307   0067  E5          	push	hl
308   0068  DD 6E FE    	ld	l,(ix-2)
309   006B  DD 66 FF    	ld	h,(ix-1)
310   006E  E5          	push	hl
311   006F  DD 6E FC    	ld	l,(ix-4)
312   0072  DD 66 FD    	ld	h,(ix-3)
313   0075  E5          	push	hl
314   0076  CD 00 00    	call	__mullong
315   0079  DD F9       	ld	sp,ix
316   007B  DD E1       	pop	ix
317   007D  C9          	ret
318   007E              	SECTION code_compiler
319   007E              ;	---------------------------------
320   007E              ; Function main
321   007E              ; ---------------------------------
322   007E              _main:
323   007E  DD E5       	push	ix
324   0080  DD 21 00 00 	ld	ix,0
325   0084  DD 39       	add	ix,sp
326   0086  21 E6 FF    	ld	hl, -26
327   0089  39          	add	hl, sp
328   008A  F9          	ld	sp, hl
329   008B  DD 36 FA F4 	ld	(ix-6),0xf4
330   008F  DD 36 FB FF 	ld	(ix-5),0xff
331   0093              l_main_00116:
332   0093  DD 36 FC D9 	ld	(ix-4),0xd9
333   0097  DD 36 FD FF 	ld	(ix-3),0xff
334   009B              l_main_00108:
335   009B  DD 7E FC    	ld	a,(ix-4)
336   009E  DD 77 F6    	ld	(ix-10),a
337   00A1  DD 7E FD    	ld	a,(ix-3)
338   00A4  DD 77 F7    	ld	(ix-9),a
339   00A7  17          	rla
340   00A8  9F          	sbc	a, a
341   00A9  DD 77 F8    	ld	(ix-8),a
342   00AC  DD 77 F9    	ld	(ix-7),a
343   00AF  DD 6E F8    	ld	l,(ix-8)
344   00B2  DD 66 F9    	ld	h,(ix-7)
345   00B5  E5          	push	hl
346   00B6  DD 6E F6    	ld	l,(ix-10)
347   00B9  DD 66 F7    	ld	h,(ix-9)
348   00BC  E5          	push	hl
349   00BD  21 0B 00    	ld	hl,0x000b
350   00C0  E5          	push	hl
351   00C1  21 8C B9    	ld	hl,0xb98c
352   00C4  E5          	push	hl
353   00C5  CD 00 00    	call	__mullong_callee
354   00C8  DD 75 F6    	ld	(ix-10),l
355   00CB  DD 74 F7    	ld	(ix-9),h
356   00CE  DD 73 F8    	ld	(ix-8),e
357   00D1  DD 72 F9    	ld	(ix-7),d
358   00D4  21 00 00    	ld	hl,0
359   00D7  39          	add	hl, sp
360   00D8  EB          	ex	de, hl
361   00D9  21 10 00    	ld	hl,16
362   00DC  39          	add	hl, sp
363   00DD  01 04 00    	ld	bc,4
364   00E0  ED B0       	ldir
365   00E2  DD 4E FA    	ld	c,(ix-6)
366   00E5  DD 7E FB    	ld	a,(ix-5)
367   00E8  47          	ld	b, a
368   00E9  17          	rla
369   00EA  9F          	sbc	a, a
370   00EB  5F          	ld	e, a
371   00EC  57          	ld	d, a
372   00ED  D5          	push	de
373   00EE  C5          	push	bc
374   00EF  21 15 00    	ld	hl,0x0015
375   00F2  E5          	push	hl
376   00F3  21 1D 55    	ld	hl,0x551d
377   00F6  E5          	push	hl
378   00F7  CD 00 00    	call	__mullong_callee
379   00FA  DD 75 EA    	ld	(ix-22),l
380   00FD  DD 74 EB    	ld	(ix-21),h
381   0100  DD 73 EC    	ld	(ix-20),e
382   0103  DD 72 ED    	ld	(ix-19),d
383   0106  21 08 00    	ld	hl,8
384   0109  39          	add	hl, sp
385   010A  EB          	ex	de, hl
386   010B  21 00 00    	ld	hl,0
387   010E  39          	add	hl, sp
388   010F  01 04 00    	ld	bc,4
389   0112  ED B0       	ldir
390   0114  21 0C 00    	ld	hl,12
391   0117  39          	add	hl, sp
392   0118  EB          	ex	de, hl
393   0119  21 04 00    	ld	hl,4
394   011C  39          	add	hl, sp
395   011D  01 04 00    	ld	bc,4
396   0120  ED B0       	ldir
397   0122  AF          	xor	a, a
398   0123  DD 77 FE    	ld	(ix-2),a
399   0126  DD 77 FF    	ld	(ix-1),a
400   0129              l_main_00106:
401   0129  DD 6E F0    	ld	l,(ix-16)
402   012C  DD 66 F1    	ld	h,(ix-15)
403   012F  E5          	push	hl
404   0130  DD 6E EE    	ld	l,(ix-18)
405   0133  DD 66 EF    	ld	h,(ix-17)
406   0136  E5          	push	hl
407   0137  DD 6E F0    	ld	l,(ix-16)
408   013A  DD 66 F1    	ld	h,(ix-15)
409   013D  E5          	push	hl
410   013E  DD 6E EE    	ld	l,(ix-18)
411   0141  DD 66 EF    	ld	h,(ix-17)
412   0144  E5          	push	hl
413   0145  CD 03 00    	call	_mul
414   0148  F1          	pop	af
415   0149  F1          	pop	af
416   014A  F1          	pop	af
417   014B  F1          	pop	af
418   014C  DD 75 F6    	ld	(ix-10),l
419   014F  DD 74 F7    	ld	(ix-9),h
420   0152  DD 73 F8    	ld	(ix-8),e
421   0155  DD 72 F9    	ld	(ix-7),d
422   0158  DD 6E F4    	ld	l,(ix-12)
423   015B  DD 66 F5    	ld	h,(ix-11)
424   015E  E5          	push	hl
425   015F  DD 6E F2    	ld	l,(ix-14)
426   0162  DD 66 F3    	ld	h,(ix-13)
427   0165  E5          	push	hl
428   0166  DD 6E F4    	ld	l,(ix-12)
429   0169  DD 66 F5    	ld	h,(ix-11)
430   016C  E5          	push	hl
431   016D  DD 6E F2    	ld	l,(ix-14)
432   0170  DD 66 F3    	ld	h,(ix-13)
433   0173  E5          	push	hl
434   0174  CD 03 00    	call	_mul
435   0177  F1          	pop	af
436   0178  F1          	pop	af
437   0179  F1          	pop	af
438   017A  F1          	pop	af
439   017B  DD 7E F6    	ld	a,(ix-10)
440   017E  95          	sub	a, l
441   017F  4F          	ld	c, a
442   0180  DD 7E F7    	ld	a,(ix-9)
443   0183  9C          	sbc	a, h
444   0184  47          	ld	b, a
445   0185  DD 7E F8    	ld	a,(ix-8)
446   0188  9B          	sbc	a, e
447   0189  5F          	ld	e, a
448   018A  DD 7E F9    	ld	a,(ix-7)
449   018D  9A          	sbc	a, d
450   018E  57          	ld	d, a
451   018F  79          	ld	a, c
452   0190  DD 86 E6    	add	a,(ix-26)
453   0193  4F          	ld	c, a
454   0194  78          	ld	a, b
455   0195  DD 8E E7    	adc	a,(ix-25)
456   0198  47          	ld	b, a
457   0199  7B          	ld	a, e
458   019A  DD 8E E8    	adc	a,(ix-24)
459   019D  5F          	ld	e, a
460   019E  7A          	ld	a, d
461   019F  DD 8E E9    	adc	a,(ix-23)
462   01A2  57          	ld	d, a
463   01A3  DD 71 F6    	ld	(ix-10),c
464   01A6  DD 70 F7    	ld	(ix-9),b
465   01A9  DD 73 F8    	ld	(ix-8),e
466   01AC  DD 72 F9    	ld	(ix-7),d
467   01AF  DD 6E F4    	ld	l,(ix-12)
468   01B2  DD 66 F5    	ld	h,(ix-11)
469   01B5  E5          	push	hl
470   01B6  DD 6E F2    	ld	l,(ix-14)
471   01B9  DD 66 F3    	ld	h,(ix-13)
472   01BC  E5          	push	hl
473   01BD  DD 6E F0    	ld	l,(ix-16)
474   01C0  DD 66 F1    	ld	h,(ix-15)
475   01C3  E5          	push	hl
476   01C4  DD 6E EE    	ld	l,(ix-18)
477   01C7  DD 66 EF    	ld	h,(ix-17)
478   01CA  E5          	push	hl
479   01CB  CD 03 00    	call	_mul
480   01CE  F1          	pop	af
481   01CF  F1          	pop	af
482   01D0  F1          	pop	af
483   01D1  F1          	pop	af
484   01D2  29          	add	hl, hl
485   01D3  CB 13       	rl	e
486   01D5  CB 12       	rl	d
487   01D7  7D          	ld	a, l
488   01D8  DD 86 EA    	add	a,(ix-22)
489   01DB  4F          	ld	c, a
490   01DC  7C          	ld	a, h
491   01DD  DD 8E EB    	adc	a,(ix-21)
492   01E0  47          	ld	b, a
493   01E1  7B          	ld	a, e
494   01E2  DD 8E EC    	adc	a,(ix-20)
495   01E5  5F          	ld	e, a
496   01E6  7A          	ld	a, d
497   01E7  DD 8E ED    	adc	a,(ix-19)
498   01EA  57          	ld	d, a
499   01EB  DD 71 F2    	ld	(ix-14),c
500   01EE  DD 70 F3    	ld	(ix-13),b
501   01F1  DD 73 F4    	ld	(ix-12),e
502   01F4  DD 72 F5    	ld	(ix-11),d
503   01F7  21 08 00    	ld	hl,8
504   01FA  39          	add	hl, sp
505   01FB  EB          	ex	de, hl
506   01FC  21 10 00    	ld	hl,16
507   01FF  39          	add	hl, sp
508   0200  01 04 00    	ld	bc,4
509   0203  ED B0       	ldir
510   0205  DD 6E F8    	ld	l,(ix-8)
511   0208  DD 66 F9    	ld	h,(ix-7)
512   020B  E5          	push	hl
513   020C  DD 6E F6    	ld	l,(ix-10)
514   020F  DD 66 F7    	ld	h,(ix-9)
515   0212  E5          	push	hl
516   0213  DD 6E F8    	ld	l,(ix-8)
517   0216  DD 66 F9    	ld	h,(ix-7)
518   0219  E5          	push	hl
519   021A  DD 6E F6    	ld	l,(ix-10)
520   021D  DD 66 F7    	ld	h,(ix-9)
521   0220  E5          	push	hl
522   0221  CD 03 00    	call	_mul
523   0224  F1          	pop	af
524   0225  F1          	pop	af
525   0226  F1          	pop	af
526   0227  F1          	pop	af
527   0228  DD 75 F6    	ld	(ix-10),l
528   022B  DD 74 F7    	ld	(ix-9),h
529   022E  DD 73 F8    	ld	(ix-8),e
530   0231  DD 72 F9    	ld	(ix-7),d
531   0234  DD 6E F4    	ld	l,(ix-12)
532   0237  DD 66 F5    	ld	h,(ix-11)
533   023A  E5          	push	hl
534   023B  DD 6E F2    	ld	l,(ix-14)
535   023E  DD 66 F3    	ld	h,(ix-13)
536   0241  E5          	push	hl
537   0242  DD 6E F4    	ld	l,(ix-12)
538   0245  DD 66 F5    	ld	h,(ix-11)
539   0248  E5          	push	hl
540   0249  DD 6E F2    	ld	l,(ix-14)
541   024C  DD 66 F3    	ld	h,(ix-13)
542   024F  E5          	push	hl
543   0250  CD 03 00    	call	_mul
544   0253  F1          	pop	af
545   0254  F1          	pop	af
546   0255  F1          	pop	af
547   0256  F1          	pop	af
548   0257  DD 7E F6    	ld	a,(ix-10)
549   025A  85          	add	a, l
550   025B  4F          	ld	c, a
551   025C  DD 7E F7    	ld	a,(ix-9)
552   025F  8C          	adc	a, h
553   0260  47          	ld	b, a
554   0261  DD 7E F8    	ld	a,(ix-8)
555   0264  8B          	adc	a, e
556   0265  5F          	ld	e, a
557   0266  DD 7E F9    	ld	a,(ix-7)
558   0269  8A          	adc	a, d
559   026A  57          	ld	d, a
560   026B  AF          	xor	a, a
561   026C  B9          	cp	a, c
562   026D  98          	sbc	a, b
563   026E  3E 00       	ld	a,0x00
564   0270  9B          	sbc	a, e
565   0271  3E 04       	ld	a,0x04
566   0273  9A          	sbc	a, d
567   0274  E2 79 02    	jp	PO, l_main_00144
568   0277  EE 80       	xor	a,0x80
569   0279              l_main_00144:
570   0279  FA 96 02    	jp	M, l_main_00103
571   027C  DD 34 FE    	inc	(ix-2)
572   027F  20 03       	jr	NZ,l_main_00145
573   0281  DD 34 FF    	inc	(ix-1)
574   0284              l_main_00145:
575   0284  3E 0F       	ld	a,0x0f
576   0286  DD BE FE    	cp	a,(ix-2)
577   0289  3E 00       	ld	a,0x00
578   028B  DD 9E FF    	sbc	a,(ix-1)
579   028E  E2 93 02    	jp	PO, l_main_00146
580   0291  EE 80       	xor	a,0x80
581   0293              l_main_00146:
582   0293  F2 29 01    	jp	P, l_main_00106
583   0296              l_main_00103:
584   0296  DD 7E FE    	ld	a,(ix-2)
585   0299  C6 00       	add	a, +((___str_0) & 0xFF)
586   029B  DD 77 F8    	ld	(ix-8),a
587   029E  DD 7E FF    	ld	a,(ix-1)
588   02A1  CE 00       	adc	a, +((___str_0) / 256)
589   02A3  DD 77 F9    	ld	(ix-7),a
590   02A6  DD 6E F8    	ld	l,(ix-8)
591   02A9  DD 66 F9    	ld	h,(ix-7)
592   02AC  7E          	ld	a, (hl)
593   02AD  DD 77 FF    	ld	(ix-1),a
594   02B0  DD 77 FE    	ld	(ix-2),a
595   02B3  AF          	xor	a, a
596   02B4  DD 77 FF    	ld	(ix-1),a
597   02B7  DD 6E FE    	ld	l,(ix-2)
598   02BA  DD 66 FF    	ld	h,(ix-1)
599   02BD  CD 00 00    	call	_putc
600   02C0  DD 34 FC    	inc	(ix-4)
601   02C3  20 03       	jr	NZ,l_main_00147
602   02C5  DD 34 FD    	inc	(ix-3)
603   02C8              l_main_00147:
604   02C8  3E 27       	ld	a,0x27
605   02CA  DD BE FC    	cp	a,(ix-4)
606   02CD  3E 00       	ld	a,0x00
607   02CF  DD 9E FD    	sbc	a,(ix-3)
608   02D2  E2 D7 02    	jp	PO, l_main_00148
609   02D5  EE 80       	xor	a,0x80
610   02D7              l_main_00148:
611   02D7  F2 9B 00    	jp	P, l_main_00108
612   02DA  21 0D 00    	ld	hl,0x000d
613   02DD  CD 00 00    	call	_putc
614   02E0  21 0A 00    	ld	hl,0x000a
615   02E3  CD 00 00    	call	_putc
616   02E6  DD 34 FA    	inc	(ix-6)
617   02E9  20 03       	jr	NZ,l_main_00149
618   02EB  DD 34 FB    	inc	(ix-5)
619   02EE              l_main_00149:
620   02EE  3E 0C       	ld	a,0x0c
621   02F0  DD BE FA    	cp	a,(ix-6)
622   02F3  3E 00       	ld	a,0x00
623   02F5  DD 9E FB    	sbc	a,(ix-5)
624   02F8  E2 FD 02    	jp	PO, l_main_00150
625   02FB  EE 80       	xor	a,0x80
626   02FD              l_main_00150:
627   02FD  F2 93 00    	jp	P, l_main_00116
628   0300  DD F9       	ld	sp, ix
629   0302  DD E1       	pop	ix
630   0304  C9          	ret
631   0305              	SECTION rodata_compiler
632   0000              ___str_0:
633   0000  30 31 32 33 34 35 36 37 38 39 41 42 43 44 45 46 20 
                        	DEFM "0123456789ABCDEF "
634   0011  00          	DEFB 0x00
635   0012              	SECTION IGNORE
636   0000              
