1     0000              MODULE muli_c
2     0000              LINE 0, "muli.c"
0     0000              
1     0000              ;--------------------------------------------------------
2     0000              ; File Created by SDCC : free open source ANSI-C Compiler
3     0000              ; Version 4.1.0 #12069 (MINGW64)
4     0000              ;--------------------------------------------------------
5     0000              ; Processed by Z88DK
6     0000              ;--------------------------------------------------------
7     0000              
8     0000              	EXTERN __divschar
9     0000              	EXTERN __divschar_callee
10    0000              	EXTERN __divsint
11    0000              	EXTERN __divsint_callee
12    0000              	EXTERN __divslong
13    0000              	EXTERN __divslong_callee
14    0000              	EXTERN __divslonglong
15    0000              	EXTERN __divslonglong_callee
16    0000              	EXTERN __divsuchar
17    0000              	EXTERN __divsuchar_callee
18    0000              	EXTERN __divuchar
19    0000              	EXTERN __divuchar_callee
20    0000              	EXTERN __divuint
21    0000              	EXTERN __divuint_callee
22    0000              	EXTERN __divulong
23    0000              	EXTERN __divulong_callee
24    0000              	EXTERN __divulonglong
25    0000              	EXTERN __divulonglong_callee
26    0000              	EXTERN __divuschar
27    0000              	EXTERN __divuschar_callee
28    0000              	EXTERN __modschar
29    0000              	EXTERN __modschar_callee
30    0000              	EXTERN __modsint
31    0000              	EXTERN __modsint_callee
32    0000              	EXTERN __modslong
33    0000              	EXTERN __modslong_callee
34    0000              	EXTERN __modslonglong
35    0000              	EXTERN __modslonglong_callee
36    0000              	EXTERN __modsuchar
37    0000              	EXTERN __modsuchar_callee
38    0000              	EXTERN __moduchar
39    0000              	EXTERN __moduchar_callee
40    0000              	EXTERN __moduint
41    0000              	EXTERN __moduint_callee
42    0000              	EXTERN __modulong
43    0000              	EXTERN __modulong_callee
44    0000              	EXTERN __modulonglong
45    0000              	EXTERN __modulonglong_callee
46    0000              	EXTERN __moduschar
47    0000              	EXTERN __moduschar_callee
48    0000              	EXTERN __mulint
49    0000              	EXTERN __mulint_callee
50    0000              	EXTERN __mullong
51    0000              	EXTERN __mullong_callee
52    0000              	EXTERN __mullonglong
53    0000              	EXTERN __mullonglong_callee
54    0000              	EXTERN __mulschar
55    0000              	EXTERN __mulschar_callee
56    0000              	EXTERN __mulsuchar
57    0000              	EXTERN __mulsuchar_callee
58    0000              	EXTERN __muluchar
59    0000              	EXTERN __muluchar_callee
60    0000              	EXTERN __muluschar
61    0000              	EXTERN __muluschar_callee
62    0000              	EXTERN __rlslonglong
63    0000              	EXTERN __rlslonglong_callee
64    0000              	EXTERN __rlulonglong
65    0000              	EXTERN __rlulonglong_callee
66    0000              	EXTERN __rrslonglong
67    0000              	EXTERN __rrslonglong_callee
68    0000              	EXTERN __rrulonglong
69    0000              	EXTERN __rrulonglong_callee
70    0000              	EXTERN ___sdcc_call_hl
71    0000              	EXTERN ___sdcc_call_iy
72    0000              	EXTERN ___sdcc_enter_ix
73    0000              	EXTERN banked_call
74    0000              	EXTERN _banked_ret
75    0000              	EXTERN ___fs2schar
76    0000              	EXTERN ___fs2schar_callee
77    0000              	EXTERN ___fs2sint
78    0000              	EXTERN ___fs2sint_callee
79    0000              	EXTERN ___fs2slong
80    0000              	EXTERN ___fs2slong_callee
81    0000              	EXTERN ___fs2slonglong
82    0000              	EXTERN ___fs2slonglong_callee
83    0000              	EXTERN ___fs2uchar
84    0000              	EXTERN ___fs2uchar_callee
85    0000              	EXTERN ___fs2uint
86    0000              	EXTERN ___fs2uint_callee
87    0000              	EXTERN ___fs2ulong
88    0000              	EXTERN ___fs2ulong_callee
89    0000              	EXTERN ___fs2ulonglong
90    0000              	EXTERN ___fs2ulonglong_callee
91    0000              	EXTERN ___fsadd
92    0000              	EXTERN ___fsadd_callee
93    0000              	EXTERN ___fsdiv
94    0000              	EXTERN ___fsdiv_callee
95    0000              	EXTERN ___fseq
96    0000              	EXTERN ___fseq_callee
97    0000              	EXTERN ___fsgt
98    0000              	EXTERN ___fsgt_callee
99    0000              	EXTERN ___fslt
100   0000              	EXTERN ___fslt_callee
101   0000              	EXTERN ___fsmul
102   0000              	EXTERN ___fsmul_callee
103   0000              	EXTERN ___fsneq
104   0000              	EXTERN ___fsneq_callee
105   0000              	EXTERN ___fssub
106   0000              	EXTERN ___fssub_callee
107   0000              	EXTERN ___schar2fs
108   0000              	EXTERN ___schar2fs_callee
109   0000              	EXTERN ___sint2fs
110   0000              	EXTERN ___sint2fs_callee
111   0000              	EXTERN ___slong2fs
112   0000              	EXTERN ___slong2fs_callee
113   0000              	EXTERN ___slonglong2fs
114   0000              	EXTERN ___slonglong2fs_callee
115   0000              	EXTERN ___uchar2fs
116   0000              	EXTERN ___uchar2fs_callee
117   0000              	EXTERN ___uint2fs
118   0000              	EXTERN ___uint2fs_callee
119   0000              	EXTERN ___ulong2fs
120   0000              	EXTERN ___ulong2fs_callee
121   0000              	EXTERN ___ulonglong2fs
122   0000              	EXTERN ___ulonglong2fs_callee
123   0000              	EXTERN ____sdcc_2_copy_src_mhl_dst_deix
124   0000              	EXTERN ____sdcc_2_copy_src_mhl_dst_bcix
125   0000              	EXTERN ____sdcc_4_copy_src_mhl_dst_deix
126   0000              	EXTERN ____sdcc_4_copy_src_mhl_dst_bcix
127   0000              	EXTERN ____sdcc_4_copy_src_mhl_dst_mbc
128   0000              	EXTERN ____sdcc_4_ldi_nosave_bc
129   0000              	EXTERN ____sdcc_4_ldi_save_bc
130   0000              	EXTERN ____sdcc_4_push_hlix
131   0000              	EXTERN ____sdcc_4_push_mhl
132   0000              	EXTERN ____sdcc_lib_setmem_hl
133   0000              	EXTERN ____sdcc_ll_add_de_bc_hl
134   0000              	EXTERN ____sdcc_ll_add_de_bc_hlix
135   0000              	EXTERN ____sdcc_ll_add_de_hlix_bc
136   0000              	EXTERN ____sdcc_ll_add_de_hlix_bcix
137   0000              	EXTERN ____sdcc_ll_add_deix_bc_hl
138   0000              	EXTERN ____sdcc_ll_add_deix_hlix
139   0000              	EXTERN ____sdcc_ll_add_hlix_bc_deix
140   0000              	EXTERN ____sdcc_ll_add_hlix_deix_bc
141   0000              	EXTERN ____sdcc_ll_add_hlix_deix_bcix
142   0000              	EXTERN ____sdcc_ll_asr_hlix_a
143   0000              	EXTERN ____sdcc_ll_asr_mbc_a
144   0000              	EXTERN ____sdcc_ll_copy_src_de_dst_hlix
145   0000              	EXTERN ____sdcc_ll_copy_src_de_dst_hlsp
146   0000              	EXTERN ____sdcc_ll_copy_src_deix_dst_hl
147   0000              	EXTERN ____sdcc_ll_copy_src_deix_dst_hlix
148   0000              	EXTERN ____sdcc_ll_copy_src_deixm_dst_hlsp
149   0000              	EXTERN ____sdcc_ll_copy_src_desp_dst_hlsp
150   0000              	EXTERN ____sdcc_ll_copy_src_hl_dst_de
151   0000              	EXTERN ____sdcc_ll_copy_src_hlsp_dst_de
152   0000              	EXTERN ____sdcc_ll_copy_src_hlsp_dst_deixm
153   0000              	EXTERN ____sdcc_ll_lsl_hlix_a
154   0000              	EXTERN ____sdcc_ll_lsl_mbc_a
155   0000              	EXTERN ____sdcc_ll_lsr_hlix_a
156   0000              	EXTERN ____sdcc_ll_lsr_mbc_a
157   0000              	EXTERN ____sdcc_ll_push_hlix
158   0000              	EXTERN ____sdcc_ll_push_mhl
159   0000              	EXTERN ____sdcc_ll_sub_de_bc_hl
160   0000              	EXTERN ____sdcc_ll_sub_de_bc_hlix
161   0000              	EXTERN ____sdcc_ll_sub_de_hlix_bc
162   0000              	EXTERN ____sdcc_ll_sub_de_hlix_bcix
163   0000              	EXTERN ____sdcc_ll_sub_deix_bc_hl
164   0000              	EXTERN ____sdcc_ll_sub_deix_hlix
165   0000              	EXTERN ____sdcc_ll_sub_hlix_bc_deix
166   0000              	EXTERN ____sdcc_ll_sub_hlix_deix_bc
167   0000              	EXTERN ____sdcc_ll_sub_hlix_deix_bcix
168   0000              	EXTERN ____sdcc_load_debc_deix
169   0000              	EXTERN ____sdcc_load_dehl_deix
170   0000              	EXTERN ____sdcc_load_debc_mhl
171   0000              	EXTERN ____sdcc_load_hlde_mhl
172   0000              	EXTERN ____sdcc_store_dehl_bcix
173   0000              	EXTERN ____sdcc_store_debc_hlix
174   0000              	EXTERN ____sdcc_store_debc_mhl
175   0000              	EXTERN ____sdcc_cpu_pop_ei
176   0000              	EXTERN ____sdcc_cpu_pop_ei_jp
177   0000              	EXTERN ____sdcc_cpu_push_di
178   0000              	EXTERN ____sdcc_outi
179   0000              	EXTERN ____sdcc_outi_128
180   0000              	EXTERN ____sdcc_outi_256
181   0000              	EXTERN ____sdcc_ldi
182   0000              	EXTERN ____sdcc_ldi_128
183   0000              	EXTERN ____sdcc_ldi_256
184   0000              	EXTERN ____sdcc_4_copy_srcd_hlix_dst_deix
185   0000              	EXTERN ____sdcc_4_and_src_mbc_mhl_dst_deix
186   0000              	EXTERN ____sdcc_4_or_src_mbc_mhl_dst_deix
187   0000              	EXTERN ____sdcc_4_xor_src_mbc_mhl_dst_deix
188   0000              	EXTERN ____sdcc_4_or_src_dehl_dst_bcix
189   0000              	EXTERN ____sdcc_4_xor_src_dehl_dst_bcix
190   0000              	EXTERN ____sdcc_4_and_src_dehl_dst_bcix
191   0000              	EXTERN ____sdcc_4_xor_src_mbc_mhl_dst_debc
192   0000              	EXTERN ____sdcc_4_or_src_mbc_mhl_dst_debc
193   0000              	EXTERN ____sdcc_4_and_src_mbc_mhl_dst_debc
194   0000              	EXTERN ____sdcc_4_cpl_src_mhl_dst_debc
195   0000              	EXTERN ____sdcc_4_xor_src_debc_mhl_dst_debc
196   0000              	EXTERN ____sdcc_4_or_src_debc_mhl_dst_debc
197   0000              	EXTERN ____sdcc_4_and_src_debc_mhl_dst_debc
198   0000              	EXTERN ____sdcc_4_and_src_debc_hlix_dst_debc
199   0000              	EXTERN ____sdcc_4_or_src_debc_hlix_dst_debc
200   0000              	EXTERN ____sdcc_4_xor_src_debc_hlix_dst_debc
201   0000              
202   0000              ;--------------------------------------------------------
203   0000              ; Public variables in this module
204   0000              ;--------------------------------------------------------
205   0000              	GLOBAL _main
206   0000              	GLOBAL _printi
207   0000              	GLOBAL _muli
208   0000              	GLOBAL _putch
209   0000              ;--------------------------------------------------------
210   0000              ; Externals used
211   0000              ;--------------------------------------------------------
212   0000              ;--------------------------------------------------------
213   0000              ; special function registers
214   0000              ;--------------------------------------------------------
215   0000              ;--------------------------------------------------------
216   0000              ; ram data
217   0000              ;--------------------------------------------------------
218   0000              	SECTION bss_compiler
219   0000              ;--------------------------------------------------------
220   0000              ; ram data
221   0000              ;--------------------------------------------------------
222   0000              
223   0000              IF 0
224   0000              
225   0000              ; .area _INITIALIZED removed by z88dk
226   0000              
227   0000              
228   0000              ENDIF
229   0000              
230   0000              ;--------------------------------------------------------
231   0000              ; absolute external ram data
232   0000              ;--------------------------------------------------------
233   0000              	SECTION IGNORE
234   0000              ;--------------------------------------------------------
235   0000              ; global & static initialisations
236   0000              ;--------------------------------------------------------
237   0000              	SECTION code_crt_init
238   0000              ;--------------------------------------------------------
239   0000              ; Home
240   0000              ;--------------------------------------------------------
241   0000              	SECTION IGNORE
242   0000              ;--------------------------------------------------------
243   0000              ; code
244   0000              ;--------------------------------------------------------
245   0000              	SECTION code_compiler
246   0000              ;	---------------------------------
247   0000              ; Function putch
248   0000              ; ---------------------------------
249   0000              _putch:
250   0000  7D          	ld	a, l
251   0001  DF          	rst	18h
252   0002  C9          	ret
253   0003              ;	---------------------------------
254   0003              ; Function muli
255   0003              ; ---------------------------------
256   0003              _muli:
257   0003  21 02 00    	ld	hl, 2
258   0006  39          	add	hl, sp
259   0007  5E          	ld	e, (hl)
260   0008  23          	inc	hl
261   0009  56          	ld	d, (hl)
262   000A  23          	inc	hl
263   000B  7E          	ld	a, (hl)
264   000C  23          	inc	hl
265   000D  66          	ld	h, (hl)
266   000E  6F          	ld	l, a
267   000F  C3 FD 28    	jp	28fdh
268   0012              ;	---------------------------------
269   0012              ; Function printi
270   0012              ; ---------------------------------
271   0012              _printi:
272   0012  C3 13 2D    	jp	2d13h
273   0015              ;	---------------------------------
274   0015              ; Function main
275   0015              ; ---------------------------------
276   0015              _main:
277   0015  01 00 00    	ld	bc,0x0000
278   0018              l_main_00109:
279   0018  11 00 00    	ld	de,0x0000
280   001B              l_main_00103:
281   001B  C5          	push	bc
282   001C  D5          	push	de
283   001D  D5          	push	de
284   001E  C5          	push	bc
285   001F  CD 03 00    	call	_muli
286   0022  F1          	pop	af
287   0023  F1          	pop	af
288   0024  CD 12 00    	call	_printi
289   0027  2E 20       	ld	l,0x20
290   0029  CD 00 00    	call	_putch
291   002C  D1          	pop	de
292   002D  C1          	pop	bc
293   002E  13          	inc	de
294   002F  3E 0A       	ld	a,0x0a
295   0031  BB          	cp	a, e
296   0032  3E 00       	ld	a,0x00
297   0034  9A          	sbc	a, d
298   0035  E2 3A 00    	jp	PO, l_main_00126
299   0038  EE 80       	xor	a,0x80
300   003A              l_main_00126:
301   003A  F2 1B 00    	jp	P, l_main_00103
302   003D  C5          	push	bc
303   003E  2E 0D       	ld	l,0x0d
304   0040  CD 00 00    	call	_putch
305   0043  2E 0A       	ld	l,0x0a
306   0045  CD 00 00    	call	_putch
307   0048  C1          	pop	bc
308   0049  03          	inc	bc
309   004A  3E 0A       	ld	a,0x0a
310   004C  B9          	cp	a, c
311   004D  3E 00       	ld	a,0x00
312   004F  98          	sbc	a, b
313   0050  E2 55 00    	jp	PO, l_main_00127
314   0053  EE 80       	xor	a,0x80
315   0055              l_main_00127:
316   0055  F2 18 00    	jp	P, l_main_00109
317   0058  C9          	ret
318   0059              	SECTION IGNORE
319   0000              
