C:/Users/lance/AppData/Local/Temp/zcc000008B8A9842.asm:
     1                          MODULE demo3d_c
     2                          LINE 0, "demo3d.c"
demo3d.c:
                                
     1                          ;--------------------------------------------------------
     2                          ; File Created by SDCC : free open source ISO C Compiler
     3                          ; Version 4.4.0 #14648 (MINGW64)
     4                          ;--------------------------------------------------------
     5                          ; Processed by Z88DK
     6                          ;--------------------------------------------------------
     7                          
     8                          	EXTERN __divschar
     9                          	EXTERN __divschar_callee
    10                          	EXTERN __divsint
    11                          	EXTERN __divsint_callee
    12                          	EXTERN __divslong
    13                          	EXTERN __divslong_callee
    14                          	EXTERN __divslonglong
    15                          	EXTERN __divslonglong_callee
    16                          	EXTERN __divsuchar
    17                          	EXTERN __divsuchar_callee
    18                          	EXTERN __divuchar
    19                          	EXTERN __divuchar_callee
    20                          	EXTERN __divuint
    21                          	EXTERN __divuint_callee
    22                          	EXTERN __divulong
    23                          	EXTERN __divulong_callee
    24                          	EXTERN __divulonglong
    25                          	EXTERN __divulonglong_callee
    26                          	EXTERN __divuschar
    27                          	EXTERN __divuschar_callee
    28                          	EXTERN __modschar
    29                          	EXTERN __modschar_callee
    30                          	EXTERN __modsint
    31                          	EXTERN __modsint_callee
    32                          	EXTERN __modslong
    33                          	EXTERN __modslong_callee
    34                          	EXTERN __modslonglong
    35                          	EXTERN __modslonglong_callee
    36                          	EXTERN __modsuchar
    37                          	EXTERN __modsuchar_callee
    38                          	EXTERN __moduchar
    39                          	EXTERN __moduchar_callee
    40                          	EXTERN __moduint
    41                          	EXTERN __moduint_callee
    42                          	EXTERN __modulong
    43                          	EXTERN __modulong_callee
    44                          	EXTERN __modulonglong
    45                          	EXTERN __modulonglong_callee
    46                          	EXTERN __moduschar
    47                          	EXTERN __moduschar_callee
    48                          	EXTERN __mulint
    49                          	EXTERN __mulint_callee
    50                          	EXTERN __mullong
    51                          	EXTERN __mullong_callee
    52                          	EXTERN __mullonglong
    53                          	EXTERN __mullonglong_callee
    54                          	EXTERN __mulschar
    55                          	EXTERN __mulschar_callee
    56                          	EXTERN __mulsuchar
    57                          	EXTERN __mulsuchar_callee
    58                          	EXTERN __muluchar
    59                          	EXTERN __muluchar_callee
    60                          	EXTERN __muluschar
    61                          	EXTERN __muluschar_callee
    62                          	EXTERN __rlslonglong
    63                          	EXTERN __rlslonglong_callee
    64                          	EXTERN __rlulonglong
    65                          	EXTERN __rlulonglong_callee
    66                          	EXTERN __rrslonglong
    67                          	EXTERN __rrslonglong_callee
    68                          	EXTERN __rrulonglong
    69                          	EXTERN __rrulonglong_callee
    70                          	EXTERN ___mulsint2slong
    71                          	EXTERN ___mulsint2slong_callee
    72                          	EXTERN ___muluint2ulong
    73                          	EXTERN ___muluint2ulong_callee
    74                          	EXTERN ___sdcc_call_hl
    75                          	EXTERN ___sdcc_call_iy
    76                          	EXTERN ___sdcc_enter_ix
    77                          	EXTERN banked_call
    78                          	EXTERN _banked_ret
    79                          	EXTERN ___fs2schar
    80                          	EXTERN ___fs2schar_callee
    81                          	EXTERN ___fs2sint
    82                          	EXTERN ___fs2sint_callee
    83                          	EXTERN ___fs2slong
    84                          	EXTERN ___fs2slong_callee
    85                          	EXTERN ___fs2slonglong
    86                          	EXTERN ___fs2slonglong_callee
    87                          	EXTERN ___fs2uchar
    88                          	EXTERN ___fs2uchar_callee
    89                          	EXTERN ___fs2uint
    90                          	EXTERN ___fs2uint_callee
    91                          	EXTERN ___fs2ulong
    92                          	EXTERN ___fs2ulong_callee
    93                          	EXTERN ___fs2ulonglong
    94                          	EXTERN ___fs2ulonglong_callee
    95                          	EXTERN ___fsadd
    96                          	EXTERN ___fsadd_callee
    97                          	EXTERN ___fsdiv
    98                          	EXTERN ___fsdiv_callee
    99                          	EXTERN ___fseq
   100                          	EXTERN ___fseq_callee
   101                          	EXTERN ___fsgt
   102                          	EXTERN ___fsgt_callee
   103                          	EXTERN ___fslt
   104                          	EXTERN ___fslt_callee
   105                          	EXTERN ___fsmul
   106                          	EXTERN ___fsmul_callee
   107                          	EXTERN ___fsneq
   108                          	EXTERN ___fsneq_callee
   109                          	EXTERN ___fssub
   110                          	EXTERN ___fssub_callee
   111                          	EXTERN ___schar2fs
   112                          	EXTERN ___schar2fs_callee
   113                          	EXTERN ___sint2fs
   114                          	EXTERN ___sint2fs_callee
   115                          	EXTERN ___slong2fs
   116                          	EXTERN ___slong2fs_callee
   117                          	EXTERN ___slonglong2fs
   118                          	EXTERN ___slonglong2fs_callee
   119                          	EXTERN ___uchar2fs
   120                          	EXTERN ___uchar2fs_callee
   121                          	EXTERN ___uint2fs
   122                          	EXTERN ___uint2fs_callee
   123                          	EXTERN ___ulong2fs
   124                          	EXTERN ___ulong2fs_callee
   125                          	EXTERN ___ulonglong2fs
   126                          	EXTERN ___ulonglong2fs_callee
   127                          	EXTERN ____sdcc_2_copy_src_mhl_dst_deix
   128                          	EXTERN ____sdcc_2_copy_src_mhl_dst_bcix
   129                          	EXTERN ____sdcc_4_copy_src_mhl_dst_deix
   130                          	EXTERN ____sdcc_4_copy_src_mhl_dst_bcix
   131                          	EXTERN ____sdcc_4_copy_src_mhl_dst_mbc
   132                          	EXTERN ____sdcc_4_ldi_nosave_bc
   133                          	EXTERN ____sdcc_4_ldi_save_bc
   134                          	EXTERN ____sdcc_4_push_hlix
   135                          	EXTERN ____sdcc_4_push_mhl
   136                          	EXTERN ____sdcc_lib_setmem_hl
   137                          	EXTERN ____sdcc_ll_add_de_bc_hl
   138                          	EXTERN ____sdcc_ll_add_de_bc_hlix
   139                          	EXTERN ____sdcc_ll_add_de_hlix_bc
   140                          	EXTERN ____sdcc_ll_add_de_hlix_bcix
   141                          	EXTERN ____sdcc_ll_add_deix_bc_hl
   142                          	EXTERN ____sdcc_ll_add_deix_hlix
   143                          	EXTERN ____sdcc_ll_add_hlix_bc_deix
   144                          	EXTERN ____sdcc_ll_add_hlix_deix_bc
   145                          	EXTERN ____sdcc_ll_add_hlix_deix_bcix
   146                          	EXTERN ____sdcc_ll_asr_hlix_a
   147                          	EXTERN ____sdcc_ll_asr_mbc_a
   148                          	EXTERN ____sdcc_ll_copy_src_de_dst_hlix
   149                          	EXTERN ____sdcc_ll_copy_src_de_dst_hlsp
   150                          	EXTERN ____sdcc_ll_copy_src_deix_dst_hl
   151                          	EXTERN ____sdcc_ll_copy_src_deix_dst_hlix
   152                          	EXTERN ____sdcc_ll_copy_src_deixm_dst_hlsp
   153                          	EXTERN ____sdcc_ll_copy_src_desp_dst_hlsp
   154                          	EXTERN ____sdcc_ll_copy_src_hl_dst_de
   155                          	EXTERN ____sdcc_ll_copy_src_hlsp_dst_de
   156                          	EXTERN ____sdcc_ll_copy_src_hlsp_dst_deixm
   157                          	EXTERN ____sdcc_ll_lsl_hlix_a
   158                          	EXTERN ____sdcc_ll_lsl_mbc_a
   159                          	EXTERN ____sdcc_ll_lsr_hlix_a
   160                          	EXTERN ____sdcc_ll_lsr_mbc_a
   161                          	EXTERN ____sdcc_ll_push_hlix
   162                          	EXTERN ____sdcc_ll_push_mhl
   163                          	EXTERN ____sdcc_ll_sub_de_bc_hl
   164                          	EXTERN ____sdcc_ll_sub_de_bc_hlix
   165                          	EXTERN ____sdcc_ll_sub_de_hlix_bc
   166                          	EXTERN ____sdcc_ll_sub_de_hlix_bcix
   167                          	EXTERN ____sdcc_ll_sub_deix_bc_hl
   168                          	EXTERN ____sdcc_ll_sub_deix_hlix
   169                          	EXTERN ____sdcc_ll_sub_hlix_bc_deix
   170                          	EXTERN ____sdcc_ll_sub_hlix_deix_bc
   171                          	EXTERN ____sdcc_ll_sub_hlix_deix_bcix
   172                          	EXTERN ____sdcc_load_debc_deix
   173                          	EXTERN ____sdcc_load_dehl_deix
   174                          	EXTERN ____sdcc_load_debc_mhl
   175                          	EXTERN ____sdcc_load_hlde_mhl
   176                          	EXTERN ____sdcc_store_dehl_bcix
   177                          	EXTERN ____sdcc_store_debc_hlix
   178                          	EXTERN ____sdcc_store_debc_mhl
   179                          	EXTERN ____sdcc_cpu_pop_ei
   180                          	EXTERN ____sdcc_cpu_pop_ei_jp
   181                          	EXTERN ____sdcc_cpu_push_di
   182                          	EXTERN ____sdcc_outi
   183                          	EXTERN ____sdcc_outi_128
   184                          	EXTERN ____sdcc_outi_256
   185                          	EXTERN ____sdcc_ldi
   186                          	EXTERN ____sdcc_ldi_128
   187                          	EXTERN ____sdcc_ldi_256
   188                          	EXTERN ____sdcc_4_copy_srcd_hlix_dst_deix
   189                          	EXTERN ____sdcc_4_and_src_mbc_mhl_dst_deix
   190                          	EXTERN ____sdcc_4_or_src_mbc_mhl_dst_deix
   191                          	EXTERN ____sdcc_4_xor_src_mbc_mhl_dst_deix
   192                          	EXTERN ____sdcc_4_or_src_dehl_dst_bcix
   193                          	EXTERN ____sdcc_4_xor_src_dehl_dst_bcix
   194                          	EXTERN ____sdcc_4_and_src_dehl_dst_bcix
   195                          	EXTERN ____sdcc_4_xor_src_mbc_mhl_dst_debc
   196                          	EXTERN ____sdcc_4_or_src_mbc_mhl_dst_debc
   197                          	EXTERN ____sdcc_4_and_src_mbc_mhl_dst_debc
   198                          	EXTERN ____sdcc_4_cpl_src_mhl_dst_debc
   199                          	EXTERN ____sdcc_4_xor_src_debc_mhl_dst_debc
   200                          	EXTERN ____sdcc_4_or_src_debc_mhl_dst_debc
   201                          	EXTERN ____sdcc_4_and_src_debc_mhl_dst_debc
   202                          	EXTERN ____sdcc_4_and_src_debc_hlix_dst_debc
   203                          	EXTERN ____sdcc_4_or_src_debc_hlix_dst_debc
   204                          	EXTERN ____sdcc_4_xor_src_debc_hlix_dst_debc
   205                          
   206                          ;--------------------------------------------------------
   207                          ; Public variables in this module
   208                          ;--------------------------------------------------------
   209                          	GLOBAL _main
   210                          	GLOBAL _color
   211                          	GLOBAL _pline
   212                          	GLOBAL _ppset
   213                          	GLOBAL _pcls
   214                          	GLOBAL _l1
   215                          	GLOBAL _l0
   216                          	GLOBAL _vz
   217                          	GLOBAL _vy
   218                          	GLOBAL _vx
   219                          	GLOBAL _bits
   220                          	GLOBAL _svsp
   221                          	GLOBAL _port
   222                          	GLOBAL _mask
   223                          	GLOBAL _addr
   224                          ;--------------------------------------------------------
   225                          ; Externals used
   226                          ;--------------------------------------------------------
   227                          	GLOBAL _unbcd
   228                          	GLOBAL _wcmatch
   229                          	GLOBAL _extract_bits_callee
   230                          	GLOBAL _extract_bits
   231                          	GLOBAL _msleep_fastcall
   232                          	GLOBAL _msleep
   233                          	GLOBAL _sleep_fastcall
   234                          	GLOBAL _sleep
   235                          	GLOBAL _t_delay
   236                          	GLOBAL _wpoke_callee
   237                          	GLOBAL _bpoke_callee
   238                          	GLOBAL _wpeek_fastcall
   239                          	GLOBAL _bpeek_fastcall
   240                          	GLOBAL _wpeek
   241                          	GLOBAL _bpeek
   242                          	GLOBAL _wpoke
   243                          	GLOBAL _bpoke
   244                          	GLOBAL _swapendian
   245                          	GLOBAL _outp_callee
   246                          	GLOBAL _outp
   247                          	GLOBAL _inp_fastcall
   248                          	GLOBAL _inp
   249                          	GLOBAL _isqrt_fastcall
   250                          	GLOBAL _isqrt
   251                          	GLOBAL _labs_fastcall
   252                          	GLOBAL _labs
   253                          	GLOBAL _abs_fastcall
   254                          	GLOBAL _abs
   255                          	GLOBAL __ldivu__callee
   256                          	GLOBAL __ldivu_
   257                          	GLOBAL __ldiv__callee
   258                          	GLOBAL __ldiv_
   259                          	GLOBAL __divu__callee
   260                          	GLOBAL __divu_
   261                          	GLOBAL __div__callee
   262                          	GLOBAL __div_
   263                          	GLOBAL _qsort_sdcc_callee
   264                          	GLOBAL _qsort_sdcc
   265                          	GLOBAL _qsort_sccz80_callee
   266                          	GLOBAL _qsort_sccz80
   267                          	GLOBAL _l_qsort_callee
   268                          	GLOBAL _l_qsort
   269                          	GLOBAL _l_bsearch_callee
   270                          	GLOBAL _l_bsearch
   271                          	GLOBAL _getopt
   272                          	GLOBAL _unsetenv
   273                          	GLOBAL _setenv
   274                          	GLOBAL _getenv_r
   275                          	GLOBAL _getenv
   276                          	GLOBAL _atexit_fastcall
   277                          	GLOBAL _exit_fastcall
   278                          	GLOBAL _atexit
   279                          	GLOBAL _exit
   280                          	GLOBAL _HeapInfo_callee
   281                          	GLOBAL _HeapInfo
   282                          	GLOBAL _HeapRealloc_callee
   283                          	GLOBAL _HeapRealloc
   284                          	GLOBAL _HeapAlloc_callee
   285                          	GLOBAL _HeapAlloc
   286                          	GLOBAL _HeapFree_callee
   287                          	GLOBAL _HeapFree
   288                          	GLOBAL _HeapCalloc_callee
   289                          	GLOBAL _HeapCalloc
   290                          	GLOBAL _HeapSbrk_callee
   291                          	GLOBAL _HeapSbrk
   292                          	GLOBAL _HeapCreate
   293                          	GLOBAL _mallinfo_callee
   294                          	GLOBAL _realloc_callee
   295                          	GLOBAL _calloc_callee
   296                          	GLOBAL _sbrk_callee
   297                          	GLOBAL _free_fastcall
   298                          	GLOBAL _malloc_fastcall
   299                          	GLOBAL _mallinfo
   300                          	GLOBAL _realloc
   301                          	GLOBAL _malloc
   302                          	GLOBAL _free
   303                          	GLOBAL _calloc
   304                          	GLOBAL _sbrk
   305                          	GLOBAL _mallinit
   306                          	GLOBAL _srand_fastcall
   307                          	GLOBAL _srand
   308                          	GLOBAL _rand
   309                          	GLOBAL _ulltoa_callee
   310                          	GLOBAL _ulltoa
   311                          	GLOBAL _strtoull_callee
   312                          	GLOBAL _strtoull
   313                          	GLOBAL _strtoll_callee
   314                          	GLOBAL _strtoll
   315                          	GLOBAL _lltoa_callee
   316                          	GLOBAL _lltoa
   317                          	GLOBAL _atoll_callee
   318                          	GLOBAL _atoll
   319                          	GLOBAL _utoa_callee
   320                          	GLOBAL _utoa
   321                          	GLOBAL _ultoa_callee
   322                          	GLOBAL _ultoa
   323                          	GLOBAL _strtoul_callee
   324                          	GLOBAL _strtoul
   325                          	GLOBAL _strtol_callee
   326                          	GLOBAL _strtol
   327                          	GLOBAL _ltoa_callee
   328                          	GLOBAL _ltoa
   329                          	GLOBAL _itoa_callee
   330                          	GLOBAL _itoa
   331                          	GLOBAL _atol_fastcall
   332                          	GLOBAL _atol
   333                          	GLOBAL _atoi_fastcall
   334                          	GLOBAL _atoi
   335                          	GLOBAL _fpclassify
   336                          	GLOBAL _fpseed
   337                          	GLOBAL _fprand
   338                          	GLOBAL _ftoe
   339                          	GLOBAL _ftoa
   340                          	GLOBAL _atof
   341                          	GLOBAL _pi
   342                          	GLOBAL _halfpi
   343                          	GLOBAL _fmin
   344                          	GLOBAL _fmax
   345                          	GLOBAL _fmod
   346                          	GLOBAL _fabs
   347                          	GLOBAL _frexp
   348                          	GLOBAL _ldexp
   349                          	GLOBAL _modf
   350                          	GLOBAL _ceil
   351                          	GLOBAL _floor
   352                          	GLOBAL _log10
   353                          	GLOBAL _log
   354                          	GLOBAL _exp
   355                          	GLOBAL _sqrt
   356                          	GLOBAL _pow
   357                          	GLOBAL _atanh
   358                          	GLOBAL _acosh
   359                          	GLOBAL _asinh
   360                          	GLOBAL _tanh
   361                          	GLOBAL _sinh
   362                          	GLOBAL _cosh
   363                          	GLOBAL _atan2
   364                          	GLOBAL _atan
   365                          	GLOBAL _asin
   366                          	GLOBAL _acos
   367                          	GLOBAL _sin
   368                          	GLOBAL _tan
   369                          	GLOBAL _cos
   370                          	GLOBAL _negf16
   371                          	GLOBAL _fabsf16
   372                          	GLOBAL _invsqrtf16
   373                          	GLOBAL _invf16
   374                          	GLOBAL _ldexpf16
   375                          	GLOBAL _frexpf16
   376                          	GLOBAL _floorf16
   377                          	GLOBAL _ceilf16
   378                          	GLOBAL _powf16
   379                          	GLOBAL _log10f16
   380                          	GLOBAL _log2f16
   381                          	GLOBAL _logf16
   382                          	GLOBAL _exp10f16
   383                          	GLOBAL _exp2f16
   384                          	GLOBAL _expf16
   385                          	GLOBAL _tanf16
   386                          	GLOBAL _sinf16
   387                          	GLOBAL _cosf16
   388                          	GLOBAL _atan2f16
   389                          	GLOBAL _atanf16
   390                          	GLOBAL _asinf16
   391                          	GLOBAL _acosf16
   392                          	GLOBAL _mul10f16
   393                          	GLOBAL _mul2f16
   394                          	GLOBAL _div2f16
   395                          	GLOBAL _sqrtf16
   396                          	GLOBAL _hypotf16
   397                          	GLOBAL _polyf16
   398                          	GLOBAL _fmaf16
   399                          	GLOBAL _divf16
   400                          	GLOBAL _mulf16
   401                          	GLOBAL _subf16
   402                          	GLOBAL _addf16
   403                          	GLOBAL _f16_u32_fastcall
   404                          	GLOBAL _f16_u32
   405                          	GLOBAL _f16_u16_fastcall
   406                          	GLOBAL _f16_u16
   407                          	GLOBAL _f16_u8_fastcall
   408                          	GLOBAL _f16_u8
   409                          	GLOBAL _f16_i32_fastcall
   410                          	GLOBAL _f16_i32
   411                          	GLOBAL _f16_i16_fastcall
   412                          	GLOBAL _f16_i16
   413                          	GLOBAL _f16_i8_fastcall
   414                          	GLOBAL _f16_i8
   415                          	GLOBAL _u32_f16_fastcall
   416                          	GLOBAL _u32_f16
   417                          	GLOBAL _i32_f16_fastcall
   418                          	GLOBAL _i32_f16
   419                          	GLOBAL _u16_f16_fastcall
   420                          	GLOBAL _u16_f16
   421                          	GLOBAL _i16_f16_fastcall
   422                          	GLOBAL _i16_f16
   423                          	GLOBAL _f32_f16_fastcall
   424                          	GLOBAL _f32_f16
   425                          	GLOBAL _f16_f32_fastcall
   426                          	GLOBAL _f16_f32
   427                          	GLOBAL _f48_f16_fastcall
   428                          	GLOBAL _f48_f16
   429                          	GLOBAL _f16_f48_fastcall
   430                          	GLOBAL _f16_f48
   431                          	GLOBAL _optreset
   432                          	GLOBAL _optopt
   433                          	GLOBAL _optind
   434                          	GLOBAL _opterr
   435                          	GLOBAL _optarg
   436                          ;--------------------------------------------------------
   437                          ; special function registers
   438                          ;--------------------------------------------------------
   439                          ;--------------------------------------------------------
   440                          ; ram data
   441                          ;--------------------------------------------------------
   442                          	SECTION bss_compiler
   443                          _addr:
   444  0000  0000              	DEFS 2
   445                          _mask:
   446  0002  00                	DEFS 1
   447                          _port:
   448  0003  00                	DEFS 1
   449                          _svsp:
   450  0004  0000              	DEFS 2
   451                          _pline_steep_10000_212:
   452  0006  0000              	DEFS 2
   453                          _pline_dx_10000_212:
   454  0008  0000              	DEFS 2
   455                          _pline_dy_10000_212:
   456  000a  0000              	DEFS 2
   457                          _pline_sy_10000_212:
   458  000c  0000              	DEFS 2
   459                          _pline_x_10000_212:
   460  000e  0000              	DEFS 2
   461                          _pline_y_10000_212:
   462  0010  0000              	DEFS 2
   463                          _pline_err_10000_212:
   464  0012  0000              	DEFS 2
   465                          _pline_t_10000_212:
   466  0014  0000              	DEFS 2
   467                          _main_px_10000_221:
   468  0016  0000000000000000  	DEFS 16
              0000000000000000  
   469                          _main_py_10000_221:
   470  0026  0000000000000000  	DEFS 16
              0000000000000000  
   471                          _main_t_10000_221:
   472  0036  00000000          	DEFS 4
   473                          _main_s_10000_221:
   474  003a  00000000          	DEFS 4
   475                          _main_c_10000_221:
   476  003e  00000000          	DEFS 4
   477                          _main_x_10000_221:
   478  0042  00000000          	DEFS 4
   479                          _main_y_10000_221:
   480  0046  00000000          	DEFS 4
   481                          _main_z_10000_221:
   482  004a  00000000          	DEFS 4
   483                          _main_i_10000_221:
   484  004e  0000              	DEFS 2
   485                          _main_a_10000_221:
   486  0050  0000              	DEFS 2
   487                          _main_b_10000_221:
   488  0052  0000              	DEFS 2
   489                          _main_plane_10000_221:
   490  0054  00                	DEFS 1
   491                          ;--------------------------------------------------------
   492                          ; ram data
   493                          ;--------------------------------------------------------
   494                          
   495                          IF 0
   496                          
   497                          ; .area _INITIALIZED removed by z88dk
   498                          
   499                          _bits:
   500                          	DEFS 8
   501                          _vx:
   502                          	DEFS 16
   503                          _vy:
   504                          	DEFS 16
   505                          _vz:
   506                          	DEFS 16
   507                          _l0:
   508                          	DEFS 24
   509                          _l1:
   510                          	DEFS 24
   511                          
   512                          ENDIF
   513                          
   514                          ;--------------------------------------------------------
   515                          ; absolute external ram data
   516                          ;--------------------------------------------------------
   517                          	SECTION IGNORE
   518                          ;--------------------------------------------------------
   519                          ; global & static initialisations
   520                          ;--------------------------------------------------------
   521                          	SECTION code_crt_init
   522  0000  fd210000          	ld	iy,_main_plane_10000_221
   523  0004  fd360000          	ld	(iy+0),0x00
   524                          ;--------------------------------------------------------
   525                          ; Home
   526                          ;--------------------------------------------------------
   527                          	SECTION IGNORE
   528                          ;--------------------------------------------------------
   529                          ; code
   530                          ;--------------------------------------------------------
   531                          	SECTION code_compiler
   532                          ;	---------------------------------
   533                          ; Function pcls
   534                          ; ---------------------------------
   535                          _pcls:
   536  0000  fd210000          	ld	iy,2
   537  0004  fd39              	add	iy, sp
   538  0006  fd7e00            	ld	a,(iy+0)
   539  0009  c600              	add	a,0x5c
   540  000b  320000            	ld	(_port+0), a
   541  000e  3a0000            	ld	a, (_port)
   542  0011  4f                	ld	c, a
   543  0012  210000            	ld	hl, 0
   544  0015  0600              	ld	b, 200
   545  0017  f3                	di
   546  0018  ed730000          	ld	(_svsp), sp
   547  001c  310000            	ld	sp, 0xc000 + 80 * 200
   548  001f  ed79              	out	(c), a
   549                          L1:
   550                          	rept	40
   551                          	push	hl
   552  0021  e5e5e5e5e5e5e5e5  	endr
              e5e5e5e5e5e5e5e5  
              e5e5e5e5e5e5e5e5  
              e5e5e5e5e5e5e5e5  
              e5e5e5e5e5e5e5e5  
   553  0049  1000              	djnz	L1
   554  004b  d300              	out	(0x5f), a
   555  004d  ed7b0000          	ld	sp, (_svsp)
   556  0051  fb                	ei
   557  0052  c9                	ret
   558                          ;	---------------------------------
   559                          ; Function ppset
   560                          ; ---------------------------------
   561                          _ppset:
   562  0053  dde5              	push	ix
   563  0055  dd210000          	ld	ix,0
   564  0059  dd39              	add	ix,sp
   565  005b  dd4e00            	ld	c,(ix+6)
   566  005e  dd4600            	ld	b,(ix+7)
   567  0061  69                	ld	l, c
   568  0062  60                	ld	h, b
   569  0063  29                	add	hl, hl
   570  0064  29                	add	hl, hl
   571  0065  09                	add	hl, bc
   572  0066  29                	add	hl, hl
   573  0067  29                	add	hl, hl
   574  0068  29                	add	hl, hl
   575  0069  29                	add	hl, hl
   576  006a  4d                	ld	c, l
   577  006b  7c                	ld	a, h
   578  006c  c6c0              	add	a,0xc0
   579  006e  47                	ld	b, a
   580  006f  dd5e04            	ld	e,(ix+4)
   581  0072  dd5605            	ld	d,(ix+5)
   582  0075  cb2a              	sra	d
   583  0077  cb1b              	rr	e
   584  0079  cb2a              	sra	d
   585  007b  cb1b              	rr	e
   586  007d  cb2a              	sra	d
   587  007f  cb1b              	rr	e
   588  0081  7b                	ld	a, e
   589  0082  210000            	ld	hl,_addr
   590  0085  81                	add	a, c
   591  0086  77                	ld	(hl), a
   592  0087  7a                	ld	a, d
   593  0088  88                	adc	a, b
   594  0089  23                	inc	hl
   595  008a  77                	ld	(hl), a
   596  008b  010000            	ld	bc,_bits+0
   597  008e  dd7e04            	ld	a,(ix+4)
   598  0091  e607              	and	a,0x07
   599  0093  2600              	ld	h,0x00
   600  0095  6f                	ld	l, a
   601  0096  09                	add	hl, bc
   602  0097  7e                	ld	a, (hl)
   603  0098  320200            	ld	(_mask+0), a
   604  009b  2a0000            	ld	hl, (_addr)
   605  009e  3a0300            	ld	a, (_port)
   606  00a1  4f                	ld	c, a
   607  00a2  3a0200            	ld	a, (_mask)
   608  00a5  f3                	di
   609  00a6  ed79              	out	(c), a
   610  00a8  b6                	or	(hl)
   611  00a9  77                	ld	(hl), a
   612  00aa  d35f              	out	(0x5f), a
   613  00ac  fb                	ei
   614  00ad  dde1              	pop	ix
   615  00af  c9                	ret
   616                          ;	---------------------------------
   617                          ; Function pline
   618                          ; ---------------------------------
   619                          _pline:
   620  00b0  dde5              	push	ix
   621  00b2  dd210000          	ld	ix,0
   622  00b6  dd39              	add	ix,sp
   623  00b8  dd7e0c            	ld	a,(ix+12)
   624  00bb  c65c              	add	a,0x5c
   625  00bd  320300            	ld	(_port+0), a
   626  00c0  dd7e0a            	ld	a,(ix+10)
   627  00c3  dd9606            	sub	a,(ix+6)
   628  00c6  6f                	ld	l, a
   629  00c7  dd7e0b            	ld	a,(ix+11)
   630  00ca  dd9e07            	sbc	a,(ix+7)
   631  00cd  67                	ld	h, a
   632  00ce  cd0000            	call	_abs_fastcall
   633  00d1  eb                	ex	de, hl
   634  00d2  dd7e08            	ld	a,(ix+8)
   635  00d5  dd9604            	sub	a,(ix+4)
   636  00d8  6f                	ld	l, a
   637  00d9  dd7e09            	ld	a,(ix+9)
   638  00dc  dd9e05            	sbc	a,(ix+5)
   639  00df  67                	ld	h, a
   640  00e0  d5                	push	de
   641  00e1  cd0000            	call	_abs_fastcall
   642  00e4  d1                	pop	de
   643  00e5  7d                	ld	a, l
   644  00e6  93                	sub	a, e
   645  00e7  7c                	ld	a, h
   646  00e8  9a                	sbc	a, d
   647  00e9  e2ee00            	jp	PO, l_pline_00175
   648  00ec  ee80              	xor	a,0x80
   649                          l_pline_00175:
   650  00ee  07                	rlca
   651  00ef  e601              	and	a,0x01
   652  00f1  320600            	ld	(_pline_steep_10000_212+0), a
   653  00f4  fd210600          	ld	iy,_pline_steep_10000_212
   654  00f8  fd360100          	ld	(iy+1),0x00
   655  00fc  3a0700            	ld	a, (_pline_steep_10000_212+1)
   656  00ff  fdb600            	or	a,(iy+0)
   657  0102  283c              	jr	Z,l_pline_00102
   658  0104  dd6e04            	ld	l,(ix+4)
   659  0107  dd6605            	ld	h,(ix+5)
   660  010a  221400            	ld	(_pline_t_10000_212), hl
   661  010d  dd7e06            	ld	a,(ix+6)
   662  0110  dd7704            	ld	(ix+4),a
   663  0113  dd7e07            	ld	a,(ix+7)
   664  0116  dd7705            	ld	(ix+5),a
   665  0119  2a1400            	ld	hl, (_pline_t_10000_212)
   666  011c  dd7506            	ld	(ix+6),l
   667  011f  dd7407            	ld	(ix+7),h
   668  0122  dd6e08            	ld	l,(ix+8)
   669  0125  dd6609            	ld	h,(ix+9)
   670  0128  221400            	ld	(_pline_t_10000_212), hl
   671  012b  dd7e0a            	ld	a,(ix+10)
   672  012e  dd7708            	ld	(ix+8),a
   673  0131  dd7e0b            	ld	a,(ix+11)
   674  0134  dd7709            	ld	(ix+9),a
   675  0137  2a1400            	ld	hl, (_pline_t_10000_212)
   676  013a  dd750a            	ld	(ix+10),l
   677  013d  dd740b            	ld	(ix+11),h
   678                          l_pline_00102:
   679  0140  dd7e08            	ld	a,(ix+8)
   680  0143  dd9604            	sub	a,(ix+4)
   681  0146  dd7e09            	ld	a,(ix+9)
   682  0149  dd9e05            	sbc	a,(ix+5)
   683  014c  e25101            	jp	PO, l_pline_00176
   684  014f  ee80              	xor	a,0x80
   685                          l_pline_00176:
   686  0151  f29001            	jp	P, l_pline_00104
   687  0154  dd6e04            	ld	l,(ix+4)
   688  0157  dd6605            	ld	h,(ix+5)
   689  015a  221400            	ld	(_pline_t_10000_212), hl
   690  015d  dd7e08            	ld	a,(ix+8)
   691  0160  dd7704            	ld	(ix+4),a
   692  0163  dd7e09            	ld	a,(ix+9)
   693  0166  dd7705            	ld	(ix+5),a
   694  0169  2a1400            	ld	hl, (_pline_t_10000_212)
   695  016c  dd7508            	ld	(ix+8),l
   696  016f  dd7409            	ld	(ix+9),h
   697  0172  dd6e06            	ld	l,(ix+6)
   698  0175  dd6607            	ld	h,(ix+7)
   699  0178  221400            	ld	(_pline_t_10000_212), hl
   700  017b  dd7e0a            	ld	a,(ix+10)
   701  017e  dd7706            	ld	(ix+6),a
   702  0181  dd7e0b            	ld	a,(ix+11)
   703  0184  dd7707            	ld	(ix+7),a
   704  0187  2a1400            	ld	hl, (_pline_t_10000_212)
   705  018a  dd750a            	ld	(ix+10),l
   706  018d  dd740b            	ld	(ix+11),h
   707                          l_pline_00104:
   708  0190  210800            	ld	hl,_pline_dx_10000_212
   709  0193  dd7e08            	ld	a,(ix+8)
   710  0196  dd9604            	sub	a,(ix+4)
   711  0199  77                	ld	(hl), a
   712  019a  dd7e09            	ld	a,(ix+9)
   713  019d  dd9e05            	sbc	a,(ix+5)
   714  01a0  23                	inc	hl
   715  01a1  77                	ld	(hl), a
   716  01a2  dd7e0a            	ld	a,(ix+10)
   717  01a5  dd9606            	sub	a,(ix+6)
   718  01a8  6f                	ld	l, a
   719  01a9  dd7e0b            	ld	a,(ix+11)
   720  01ac  dd9e07            	sbc	a,(ix+7)
   721  01af  67                	ld	h, a
   722  01b0  cd0000            	call	_abs_fastcall
   723  01b3  220a00            	ld	(_pline_dy_10000_212), hl
   724  01b6  ed4b0800          	ld	bc, (_pline_dx_10000_212)
   725  01ba  cb78              	bit	7, b
   726  01bc  2801              	jr	Z,l_pline_00116
   727  01be  03                	inc	bc
   728                          l_pline_00116:
   729  01bf  ed431200          	ld	(_pline_err_10000_212), bc
   730  01c3  fd211200          	ld	iy,_pline_err_10000_212
   731  01c7  fdcb012e          	sra	(iy+1)
   732  01cb  fdcb001e          	rr	(iy+0)
   733  01cf  dd7e06            	ld	a,(ix+6)
   734  01d2  dd960a            	sub	a,(ix+10)
   735  01d5  dd7e07            	ld	a,(ix+7)
   736  01d8  dd9e0b            	sbc	a,(ix+11)
   737  01db  e2e001            	jp	PO, l_pline_00177
   738  01de  ee80              	xor	a,0x80
   739                          l_pline_00177:
   740  01e0  f2e801            	jp	P, l_pline_00117
   741  01e3  210100            	ld	hl,0x0001
   742  01e6  1803              	jr	l_pline_00118
   743                          l_pline_00117:
   744  01e8  21ffff            	ld	hl,0xffff
   745                          l_pline_00118:
   746  01eb  220c00            	ld	(_pline_sy_10000_212), hl
   747  01ee  dd6e06            	ld	l,(ix+6)
   748  01f1  dd6607            	ld	h,(ix+7)
   749  01f4  221000            	ld	(_pline_y_10000_212), hl
   750  01f7  dd6e04            	ld	l,(ix+4)
   751  01fa  dd6605            	ld	h,(ix+5)
   752  01fd  220e00            	ld	(_pline_x_10000_212), hl
   753                          l_pline_00112:
   754  0200  dd7e08            	ld	a,(ix+8)
   755  0203  fd210e00          	ld	iy,_pline_x_10000_212
   756  0207  fd9600            	sub	a,(iy+0)
   757  020a  dd7e09            	ld	a,(ix+9)
   758  020d  fd9e01            	sbc	a,(iy+1)
   759  0210  e21502            	jp	PO, l_pline_00178
   760  0213  ee80              	xor	a,0x80
   761                          l_pline_00178:
   762  0215  fa8a02            	jp	M, l_pline_00114
   763  0218  3a0700            	ld	a, (_pline_steep_10000_212+1)
   764  021b  210600            	ld	hl,_pline_steep_10000_212 + 0
   765  021e  b6                	or	a,(hl)
   766  021f  280f              	jr	Z,l_pline_00106
   767  0221  2a0e00            	ld	hl, (_pline_x_10000_212)
   768  0224  e5                	push	hl
   769  0225  2a1000            	ld	hl, (_pline_y_10000_212)
   770  0228  e5                	push	hl
   771  0229  cd5300            	call	_ppset
   772  022c  f1                	pop	af
   773  022d  f1                	pop	af
   774  022e  180d              	jr	l_pline_00107
   775                          l_pline_00106:
   776  0230  2a1000            	ld	hl, (_pline_y_10000_212)
   777  0233  e5                	push	hl
   778  0234  2a0e00            	ld	hl, (_pline_x_10000_212)
   779  0237  e5                	push	hl
   780  0238  cd5300            	call	_ppset
   781  023b  f1                	pop	af
   782  023c  f1                	pop	af
   783                          l_pline_00107:
   784  023d  210a00            	ld	hl,_pline_dy_10000_212
   785  0240  d5                	push	de
   786  0241  fd211200          	ld	iy,_pline_err_10000_212
   787  0245  fde5              	push	iy
   788  0247  d1                	pop	de
   789  0248  1a                	ld	a, (de)
   790  0249  96                	sub	a, (hl)
   791  024a  12                	ld	(de), a
   792  024b  13                	inc	de
   793  024c  1a                	ld	a, (de)
   794  024d  23                	inc	hl
   795  024e  9e                	sbc	a, (hl)
   796  024f  12                	ld	(de), a
   797  0250  d1                	pop	de
   798  0251  3a1300            	ld	a, (_pline_err_10000_212+1)
   799  0254  cb7f              	bit	7, a
   800  0256  2828              	jr	Z,l_pline_00113
   801  0258  210c00            	ld	hl,_pline_sy_10000_212
   802  025b  d5                	push	de
   803  025c  fd211000          	ld	iy,_pline_y_10000_212
   804  0260  fde5              	push	iy
   805  0262  d1                	pop	de
   806  0263  1a                	ld	a, (de)
   807  0264  86                	add	a, (hl)
   808  0265  12                	ld	(de), a
   809  0266  13                	inc	de
   810  0267  1a                	ld	a, (de)
   811  0268  23                	inc	hl
   812  0269  8e                	adc	a, (hl)
   813  026a  12                	ld	(de), a
   814  026b  d1                	pop	de
   815  026c  210800            	ld	hl,_pline_dx_10000_212
   816  026f  d5                	push	de
   817  0270  fd211200          	ld	iy,_pline_err_10000_212
   818  0274  fde5              	push	iy
   819  0276  d1                	pop	de
   820  0277  1a                	ld	a, (de)
   821  0278  86                	add	a, (hl)
   822  0279  12                	ld	(de), a
   823  027a  13                	inc	de
   824  027b  1a                	ld	a, (de)
   825  027c  23                	inc	hl
   826  027d  8e                	adc	a, (hl)
   827  027e  12                	ld	(de), a
   828  027f  d1                	pop	de
   829                          l_pline_00113:
   830  0280  2a0e00            	ld	hl, (_pline_x_10000_212)
   831  0283  23                	inc	hl
   832  0284  220e00            	ld	(_pline_x_10000_212), hl
   833  0287  c30002            	jp	l_pline_00112
   834                          l_pline_00114:
   835  028a  dde1              	pop	ix
   836  028c  c9                	ret
   837                          ;	---------------------------------
   838                          ; Function color
   839                          ; ---------------------------------
   840                          _color:
   841  028d  d1                	pop	de
   842  028e  e1                	pop	hl
   843  028f  e5                	push	hl
   844  0290  d5                	push	de
   845  0291  115400            	ld	de,0x0054
   846  0294  19                	add	hl, de
   847  0295  e5                	push	hl
   848  0296  210600            	ld	hl,6
   849  0299  39                	add	hl, sp
   850  029a  4e                	ld	c, (hl)
   851  029b  23                	inc	hl
   852  029c  46                	ld	b, (hl)
   853  029d  c5                	push	bc
   854  029e  cd0000            	call	_outp_callee
   855  02a1  c9                	ret
   856                          ;	---------------------------------
   857                          ; Function main
   858                          ; ---------------------------------
   859                          _main:
   860  02a2  dde5              	push	ix
   861  02a4  dd210000          	ld	ix,0
   862  02a8  dd39              	add	ix,sp
   863  02aa  21f6ff            	ld	hl, -10
   864  02ad  39                	add	hl, sp
   865  02ae  f9                	ld	sp, hl
   866  02af  213200            	ld	hl,0x0032
   867  02b2  cd0000            	call	_inp_fastcall
   868  02b5  cbad              	res	5, l
   869  02b7  2600              	ld	h,0x00
   870  02b9  113200            	ld	de,0x0032
   871  02bc  d5                	push	de
   872  02bd  e5                	push	hl
   873  02be  cd0000            	call	_outp_callee
   874  02c1  210400            	ld	hl,0x0004
   875  02c4  e5                	push	hl
   876  02c5  2e03              	ld	l,0x03
   877  02c7  e5                	push	hl
   878  02c8  cd8d02            	call	_color
   879  02cb  f1                	pop	af
   880  02cc  f1                	pop	af
   881  02cd  af                	xor	a, a
   882  02ce  323600            	ld	(_main_t_10000_221+0), a
   883  02d1  323700            	ld	(_main_t_10000_221+1), a
   884  02d4  323800            	ld	(_main_t_10000_221+2), a
   885  02d7  323900            	ld	(_main_t_10000_221+3), a
   886                          l_main_00111:
   887  02da  3a5400            	ld	a, (_main_plane_10000_221+0)
   888  02dd  4f                	ld	c, a
   889  02de  215400            	ld	hl,_main_plane_10000_221
   890  02e1  3e01              	ld	a,0x01
   891  02e3  91                	sub	a, c
   892  02e4  77                	ld	(hl), a
   893  02e5  3a5400            	ld	a, (_main_plane_10000_221+0)
   894  02e8  b7                	or	a, a
   895  02e9  281a              	jr	Z,l_main_00102
   896  02eb  210000            	ld	hl,0x0000
   897  02ee  e5                	push	hl
   898  02ef  2e02              	ld	l,0x02
   899  02f1  e5                	push	hl
   900  02f2  cd8d02            	call	_color
   901  02f5  f1                	pop	af
   902  02f6  f1                	pop	af
   903  02f7  210400            	ld	hl,0x0004
   904  02fa  e5                	push	hl
   905  02fb  2e01              	ld	l,0x01
   906  02fd  e5                	push	hl
   907  02fe  cd8d02            	call	_color
   908  0301  f1                	pop	af
   909  0302  f1                	pop	af
   910  0303  1818              	jr	l_main_00103
   911                          l_main_00102:
   912  0305  210000            	ld	hl,0x0000
   913  0308  e5                	push	hl
   914  0309  2e01              	ld	l,0x01
   915  030b  e5                	push	hl
   916  030c  cd8d02            	call	_color
   917  030f  f1                	pop	af
   918  0310  f1                	pop	af
   919  0311  210400            	ld	hl,0x0004
   920  0314  e5                	push	hl
   921  0315  2e02              	ld	l,0x02
   922  0317  e5                	push	hl
   923  0318  cd8d02            	call	_color
   924  031b  f1                	pop	af
   925  031c  f1                	pop	af
   926                          l_main_00103:
   927  031d  3a5400            	ld	a, (_main_plane_10000_221+0)
   928  0320  f5                	push	af
   929  0321  33                	inc	sp
   930  0322  cd0000            	call	_pcls
   931  0325  33                	inc	sp
   932  0326  2a3800            	ld	hl, (_main_t_10000_221 + 2)
   933  0329  e5                	push	hl
   934  032a  2a3600            	ld	hl, (_main_t_10000_221)
   935  032d  e5                	push	hl
   936  032e  cd0000            	call	_sin
   937  0331  f1                	pop	af
   938  0332  f1                	pop	af
   939  0333  223a00            	ld	(_main_s_10000_221), hl
   940  0336  ed533c00          	ld	(_main_s_10000_221 + 2), de
   941  033a  2a3800            	ld	hl, (_main_t_10000_221 + 2)
   942  033d  e5                	push	hl
   943  033e  2a3600            	ld	hl, (_main_t_10000_221)
   944  0341  e5                	push	hl
   945  0342  cd0000            	call	_cos
   946  0345  f1                	pop	af
   947  0346  f1                	pop	af
   948  0347  223e00            	ld	(_main_c_10000_221), hl
   949  034a  ed534000          	ld	(_main_c_10000_221 + 2), de
   950  034e  210000            	ld	hl,0x0000
   951  0351  224e00            	ld	(_main_i_10000_221), hl
   952                          l_main_00107:
   953  0354  ed4b4e00          	ld	bc, (_main_i_10000_221)
   954  0358  cb21              	sla	c
   955  035a  cb10              	rl	b
   956  035c  210800            	ld	hl,_vx
   957  035f  09                	add	hl, bc
   958  0360  eb                	ex	de, hl
   959  0361  6b                	ld	l, e
   960  0362  62                	ld	h, d
   961  0363  7e                	ld	a, (hl)
   962  0364  23                	inc	hl
   963  0365  66                	ld	h, (hl)
   964  0366  6f                	ld	l, a
   965  0367  c5                	push	bc
   966  0368  d5                	push	de
   967  0369  e5                	push	hl
   968  036a  cd0000            	call	___sint2fs_callee
   969  036d  dd75fc            	ld	(ix-4),l
   970  0370  dd74fd            	ld	(ix-3),h
   971  0373  dd73fe            	ld	(ix-2),e
   972  0376  dd72ff            	ld	(ix-1),d
   973  0379  2a4000            	ld	hl, (_main_c_10000_221 + 2)
   974  037c  e5                	push	hl
   975  037d  2a3e00            	ld	hl, (_main_c_10000_221)
   976  0380  e5                	push	hl
   977  0381  dd6efe            	ld	l,(ix-2)
   978  0384  dd66ff            	ld	h,(ix-1)
   979  0387  e5                	push	hl
   980  0388  dd6efc            	ld	l,(ix-4)
   981  038b  dd66fd            	ld	h,(ix-3)
   982  038e  e5                	push	hl
   983  038f  cd0000            	call	___fsmul_callee
   984  0392  dd75f6            	ld	(ix-10),l
   985  0395  dd74f7            	ld	(ix-9),h
   986  0398  dd73f8            	ld	(ix-8),e
   987  039b  dd72f9            	ld	(ix-7),d
   988  039e  d1                	pop	de
   989  039f  c1                	pop	bc
   990  03a0  212800            	ld	hl,_vz
   991  03a3  09                	add	hl, bc
   992  03a4  dd75fa            	ld	(ix-6),l
   993  03a7  dd74fb            	ld	(ix-5),h
   994  03aa  dd6efa            	ld	l,(ix-6)
   995  03ad  dd66fb            	ld	h,(ix-5)
   996  03b0  7e                	ld	a, (hl)
   997  03b1  23                	inc	hl
   998  03b2  66                	ld	h, (hl)
   999  03b3  6f                	ld	l, a
  1000  03b4  c5                	push	bc
  1001  03b5  d5                	push	de
  1002  03b6  e5                	push	hl
  1003  03b7  cd0000            	call	___sint2fs_callee
  1004  03ba  dd75fc            	ld	(ix-4),l
  1005  03bd  dd74fd            	ld	(ix-3),h
  1006  03c0  dd73fe            	ld	(ix-2),e
  1007  03c3  dd72ff            	ld	(ix-1),d
  1008  03c6  2a3c00            	ld	hl, (_main_s_10000_221 + 2)
  1009  03c9  e5                	push	hl
  1010  03ca  2a3a00            	ld	hl, (_main_s_10000_221)
  1011  03cd  e5                	push	hl
  1012  03ce  dd6efe            	ld	l,(ix-2)
  1013  03d1  dd66ff            	ld	h,(ix-1)
  1014  03d4  e5                	push	hl
  1015  03d5  dd6efc            	ld	l,(ix-4)
  1016  03d8  dd66fd            	ld	h,(ix-3)
  1017  03db  e5                	push	hl
  1018  03dc  cd0000            	call	___fsmul_callee
  1019  03df  d5                	push	de
  1020  03e0  e5                	push	hl
  1021  03e1  dd6ef8            	ld	l,(ix-8)
  1022  03e4  dd66f9            	ld	h,(ix-7)
  1023  03e7  e5                	push	hl
  1024  03e8  dd6ef6            	ld	l,(ix-10)
  1025  03eb  dd66f7            	ld	h,(ix-9)
  1026  03ee  e5                	push	hl
  1027  03ef  cd0000            	call	___fsadd_callee
  1028  03f2  d5                	push	de
  1029  03f3  fde1              	pop	iy
  1030  03f5  d1                	pop	de
  1031  03f6  c1                	pop	bc
  1032  03f7  224200            	ld	(_main_x_10000_221), hl
  1033  03fa  fd224400          	ld	(_main_x_10000_221 + 2), iy
  1034  03fe  eb                	ex	de,hl
  1035  03ff  5e                	ld	e, (hl)
  1036  0400  23                	inc	hl
  1037  0401  56                	ld	d, (hl)
  1038  0402  c5                	push	bc
  1039  0403  d5                	push	de
  1040  0404  cd0000            	call	___sint2fs_callee
  1041  0407  e5                	push	hl
  1042  0408  fde1              	pop	iy
  1043  040a  2a3c00            	ld	hl, (_main_s_10000_221 + 2)
  1044  040d  e5                	push	hl
  1045  040e  2a3a00            	ld	hl, (_main_s_10000_221)
  1046  0411  e5                	push	hl
  1047  0412  d5                	push	de
  1048  0413  fde5              	push	iy
  1049  0415  cd0000            	call	___fsmul_callee
  1050  0418  e5                	push	hl
  1051  0419  fde1              	pop	iy
  1052  041b  c1                	pop	bc
  1053  041c  dd6efa            	ld	l,(ix-6)
  1054  041f  dd66fb            	ld	h,(ix-5)
  1055  0422  7e                	ld	a, (hl)
  1056  0423  23                	inc	hl
  1057  0424  66                	ld	h, (hl)
  1058  0425  6f                	ld	l, a
  1059  0426  c5                	push	bc
  1060  0427  d5                	push	de
  1061  0428  fde5              	push	iy
  1062  042a  e5                	push	hl
  1063  042b  cd0000            	call	___sint2fs_callee
  1064  042e  dd75fc            	ld	(ix-4),l
  1065  0431  dd74fd            	ld	(ix-3),h
  1066  0434  dd73fe            	ld	(ix-2),e
  1067  0437  dd72ff            	ld	(ix-1),d
  1068  043a  2a4000            	ld	hl, (_main_c_10000_221 + 2)
  1069  043d  e5                	push	hl
  1070  043e  2a3e00            	ld	hl, (_main_c_10000_221)
  1071  0441  e5                	push	hl
  1072  0442  dd6efe            	ld	l,(ix-2)
  1073  0445  dd66ff            	ld	h,(ix-1)
  1074  0448  e5                	push	hl
  1075  0449  dd6efc            	ld	l,(ix-4)
  1076  044c  dd66fd            	ld	h,(ix-3)
  1077  044f  e5                	push	hl
  1078  0450  cd0000            	call	___fsmul_callee
  1079  0453  dd75fc            	ld	(ix-4),l
  1080  0456  dd74fd            	ld	(ix-3),h
  1081  0459  dd73fe            	ld	(ix-2),e
  1082  045c  dd72ff            	ld	(ix-1),d
  1083  045f  fde1              	pop	iy
  1084  0461  d1                	pop	de
  1085  0462  dd6efe            	ld	l,(ix-2)
  1086  0465  dd66ff            	ld	h,(ix-1)
  1087  0468  e5                	push	hl
  1088  0469  dd6efc            	ld	l,(ix-4)
  1089  046c  dd66fd            	ld	h,(ix-3)
  1090  046f  e5                	push	hl
  1091  0470  d5                	push	de
  1092  0471  fde5              	push	iy
  1093  0473  cd0000            	call	___fssub_callee
  1094  0476  fd21a040          	ld	iy,0x40a0
  1095  047a  fde5              	push	iy
  1096  047c  fd210000          	ld	iy,0x0000
  1097  0480  fde5              	push	iy
  1098  0482  d5                	push	de
  1099  0483  e5                	push	hl
  1100  0484  cd0000            	call	___fsadd_callee
  1101  0487  c1                	pop	bc
  1102  0488  224a00            	ld	(_main_z_10000_221), hl
  1103  048b  ed534c00          	ld	(_main_z_10000_221 + 2), de
  1104  048f  211600            	ld	hl,_main_px_10000_221
  1105  0492  09                	add	hl, bc
  1106  0493  dd75fe            	ld	(ix-2),l
  1107  0496  dd74ff            	ld	(ix-1),h
  1108  0499  2a4400            	ld	hl, (_main_x_10000_221 + 2)
  1109  049c  e5                	push	hl
  1110  049d  2a4200            	ld	hl, (_main_x_10000_221)
  1111  04a0  e5                	push	hl
  1112  04a1  211644            	ld	hl,0x4416
  1113  04a4  e5                	push	hl
  1114  04a5  210000            	ld	hl,0x0000
  1115  04a8  e5                	push	hl
  1116  04a9  cd0000            	call	___fsmul_callee
  1117  04ac  4d                	ld	c, l
  1118  04ad  44                	ld	b, h
  1119  04ae  2a4c00            	ld	hl, (_main_z_10000_221 + 2)
  1120  04b1  e5                	push	hl
  1121  04b2  2a4a00            	ld	hl, (_main_z_10000_221)
  1122  04b5  e5                	push	hl
  1123  04b6  d5                	push	de
  1124  04b7  c5                	push	bc
  1125  04b8  cd0000            	call	___fsdiv_callee
  1126  04bb  01a043            	ld	bc,0x43a0
  1127  04be  c5                	push	bc
  1128  04bf  010000            	ld	bc,0x0000
  1129  04c2  c5                	push	bc
  1130  04c3  d5                	push	de
  1131  04c4  e5                	push	hl
  1132  04c5  cd0000            	call	___fsadd_callee
  1133  04c8  d5                	push	de
  1134  04c9  e5                	push	hl
  1135  04ca  cd0000            	call	___fs2sint_callee
  1136  04cd  eb                	ex	de, hl
  1137  04ce  dd6efe            	ld	l,(ix-2)
  1138  04d1  dd66ff            	ld	h,(ix-1)
  1139  04d4  73                	ld	(hl), e
  1140  04d5  23                	inc	hl
  1141  04d6  72                	ld	(hl), d
  1142  04d7  2a4e00            	ld	hl, (_main_i_10000_221)
  1143  04da  29                	add	hl, hl
  1144  04db  7d                	ld	a, l
  1145  04dc  c626              	add	a, +((_main_py_10000_221) & 0xFF)
  1146  04de  dd77fe            	ld	(ix-2),a
  1147  04e1  7c                	ld	a, h
  1148  04e2  ce00              	adc	a, +((_main_py_10000_221) / 256)
  1149  04e4  dd77ff            	ld	(ix-1),a
  1150  04e7  111800            	ld	de,_vy
  1151  04ea  19                	add	hl, de
  1152  04eb  4e                	ld	c, (hl)
  1153  04ec  23                	inc	hl
  1154  04ed  46                	ld	b, (hl)
  1155  04ee  69                	ld	l, c
  1156  04ef  60                	ld	h, b
  1157  04f0  29                	add	hl, hl
  1158  04f1  29                	add	hl, hl
  1159  04f2  29                	add	hl, hl
  1160  04f3  09                	add	hl, bc
  1161  04f4  29                	add	hl, hl
  1162  04f5  29                	add	hl, hl
  1163  04f6  09                	add	hl, bc
  1164  04f7  29                	add	hl, hl
  1165  04f8  09                	add	hl, bc
  1166  04f9  29                	add	hl, hl
  1167  04fa  29                	add	hl, hl
  1168  04fb  e5                	push	hl
  1169  04fc  cd0000            	call	___sint2fs_callee
  1170  04ff  4d                	ld	c, l
  1171  0500  44                	ld	b, h
  1172  0501  2a4c00            	ld	hl, (_main_z_10000_221 + 2)
  1173  0504  e5                	push	hl
  1174  0505  2a4a00            	ld	hl, (_main_z_10000_221)
  1175  0508  e5                	push	hl
  1176  0509  d5                	push	de
  1177  050a  c5                	push	bc
  1178  050b  cd0000            	call	___fsdiv_callee
  1179  050e  d5                	push	de
  1180  050f  e5                	push	hl
  1181  0510  21c842            	ld	hl,0x42c8
  1182  0513  e5                	push	hl
  1183  0514  210000            	ld	hl,0x0000
  1184  0517  e5                	push	hl
  1185  0518  cd0000            	call	___fssub_callee
  1186  051b  d5                	push	de
  1187  051c  e5                	push	hl
  1188  051d  cd0000            	call	___fs2sint_callee
  1189  0520  eb                	ex	de, hl
  1190  0521  dd6efe            	ld	l,(ix-2)
  1191  0524  dd66ff            	ld	h,(ix-1)
  1192  0527  73                	ld	(hl), e
  1193  0528  23                	inc	hl
  1194  0529  72                	ld	(hl), d
  1195  052a  2a4e00            	ld	hl, (_main_i_10000_221)
  1196  052d  23                	inc	hl
  1197  052e  224e00            	ld	(_main_i_10000_221), hl
  1198  0531  3a4e00            	ld	a, (_main_i_10000_221+0)
  1199  0534  d608              	sub	a,0x08
  1200  0536  3a4f00            	ld	a, (_main_i_10000_221+1)
  1201  0539  17                	rla
  1202  053a  3f                	ccf
  1203  053b  1f                	rra
  1204  053c  de80              	sbc	a,0x80
  1205  053e  da5403            	jp	C, l_main_00107
  1206  0541  210000            	ld	hl,0x0000
  1207  0544  224e00            	ld	(_main_i_10000_221), hl
  1208  0547  013800            	ld	bc,_l0+0
  1209                          l_main_00109:
  1210  054a  2a4e00            	ld	hl, (_main_i_10000_221)
  1211  054d  29                	add	hl, hl
  1212  054e  eb                	ex	de,hl
  1213  054f  69                	ld	l, c
  1214  0550  60                	ld	h, b
  1215  0551  19                	add	hl, de
  1216  0552  7e                	ld	a, (hl)
  1217  0553  325000            	ld	(_main_a_10000_221+0), a
  1218  0556  23                	inc	hl
  1219  0557  7e                	ld	a, (hl)
  1220  0558  325100            	ld	(_main_a_10000_221+1), a
  1221  055b  215000            	ld	hl,_l1
  1222  055e  19                	add	hl, de
  1223  055f  7e                	ld	a, (hl)
  1224  0560  325200            	ld	(_main_b_10000_221+0), a
  1225  0563  23                	inc	hl
  1226  0564  7e                	ld	a, (hl)
  1227  0565  325300            	ld	(_main_b_10000_221+1), a
  1228  0568  2a5200            	ld	hl, (_main_b_10000_221)
  1229  056b  29                	add	hl, hl
  1230  056c  eb                	ex	de,hl
  1231  056d  fd212600          	ld	iy,_main_py_10000_221
  1232  0571  fd19              	add	iy, de
  1233  0573  fd7e00            	ld	a,(iy+0)
  1234  0576  dd77fa            	ld	(ix-6),a
  1235  0579  fd7e01            	ld	a,(iy+1)
  1236  057c  dd77fb            	ld	(ix-5),a
  1237  057f  fd211600          	ld	iy,_main_px_10000_221
  1238  0583  fd19              	add	iy, de
  1239  0585  fd7e00            	ld	a,(iy+0)
  1240  0588  dd77fc            	ld	(ix-4),a
  1241  058b  fd7e01            	ld	a,(iy+1)
  1242  058e  dd77fd            	ld	(ix-3),a
  1243  0591  2a5000            	ld	hl, (_main_a_10000_221)
  1244  0594  29                	add	hl, hl
  1245  0595  eb                	ex	de,hl
  1246  0596  fd212600          	ld	iy,_main_py_10000_221
  1247  059a  fd19              	add	iy, de
  1248  059c  fd7e00            	ld	a,(iy+0)
  1249  059f  dd77fe            	ld	(ix-2),a
  1250  05a2  fd7e01            	ld	a,(iy+1)
  1251  05a5  dd77ff            	ld	(ix-1),a
  1252  05a8  211600            	ld	hl,_main_px_10000_221
  1253  05ab  19                	add	hl, de
  1254  05ac  5e                	ld	e, (hl)
  1255  05ad  23                	inc	hl
  1256  05ae  56                	ld	d, (hl)
  1257  05af  c5                	push	bc
  1258  05b0  3a5400            	ld	a, (_main_plane_10000_221+0)
  1259  05b3  f5                	push	af
  1260  05b4  33                	inc	sp
  1261  05b5  dd6efa            	ld	l,(ix-6)
  1262  05b8  dd66fb            	ld	h,(ix-5)
  1263  05bb  e5                	push	hl
  1264  05bc  dd6efc            	ld	l,(ix-4)
  1265  05bf  dd66fd            	ld	h,(ix-3)
  1266  05c2  e5                	push	hl
  1267  05c3  dd6efe            	ld	l,(ix-2)
  1268  05c6  dd66ff            	ld	h,(ix-1)
  1269  05c9  e5                	push	hl
  1270  05ca  d5                	push	de
  1271  05cb  cdb000            	call	_pline
  1272  05ce  210900            	ld	hl,9
  1273  05d1  39                	add	hl, sp
  1274  05d2  f9                	ld	sp, hl
  1275  05d3  c1                	pop	bc
  1276  05d4  2a4e00            	ld	hl, (_main_i_10000_221)
  1277  05d7  23                	inc	hl
  1278  05d8  224e00            	ld	(_main_i_10000_221), hl
  1279  05db  3a4e00            	ld	a, (_main_i_10000_221+0)
  1280  05de  d60c              	sub	a,0x0c
  1281  05e0  3a4f00            	ld	a, (_main_i_10000_221+1)
  1282  05e3  17                	rla
  1283  05e4  3f                	ccf
  1284  05e5  1f                	rra
  1285  05e6  de80              	sbc	a,0x80
  1286  05e8  da4a05            	jp	C, l_main_00109
  1287  05eb  21cc3d            	ld	hl,0x3dcc
  1288  05ee  e5                	push	hl
  1289  05ef  21cdcc            	ld	hl,0xcccd
  1290  05f2  e5                	push	hl
  1291  05f3  2a3800            	ld	hl, (_main_t_10000_221 + 2)
  1292  05f6  e5                	push	hl
  1293  05f7  2a3600            	ld	hl, (_main_t_10000_221)
  1294  05fa  e5                	push	hl
  1295  05fb  cd0000            	call	___fsadd_callee
  1296  05fe  223600            	ld	(_main_t_10000_221), hl
  1297  0601  ed533800          	ld	(_main_t_10000_221 + 2), de
  1298  0605  c3da02            	jp	l_main_00111
  1299                          	SECTION data_compiler
  1300                          _bits:
  1301  0000  80                	DEFB +0x80
  1302  0001  40                	DEFB +0x40
  1303  0002  20                	DEFB +0x20
  1304  0003  10                	DEFB +0x10
  1305  0004  08                	DEFB +0x08
  1306  0005  04                	DEFB +0x04
  1307  0006  02                	DEFB +0x02
  1308  0007  01                	DEFB +0x01
  1309                          _vx:
  1310  0008  ffff              	DEFW +0xffff
  1311  000a  0100              	DEFW +0x0001
  1312  000c  ffff              	DEFW +0xffff
  1313  000e  0100              	DEFW +0x0001
  1314  0010  ffff              	DEFW +0xffff
  1315  0012  0100              	DEFW +0x0001
  1316  0014  ffff              	DEFW +0xffff
  1317  0016  0100              	DEFW +0x0001
  1318                          _vy:
  1319  0018  ffff              	DEFW +0xffff
  1320  001a  ffff              	DEFW +0xffff
  1321  001c  0100              	DEFW +0x0001
  1322  001e  0100              	DEFW +0x0001
  1323  0020  ffff              	DEFW +0xffff
  1324  0022  ffff              	DEFW +0xffff
  1325  0024  0100              	DEFW +0x0001
  1326  0026  0100              	DEFW +0x0001
  1327                          _vz:
  1328  0028  ffff              	DEFW +0xffff
  1329  002a  ffff              	DEFW +0xffff
  1330  002c  ffff              	DEFW +0xffff
  1331  002e  ffff              	DEFW +0xffff
  1332  0030  0100              	DEFW +0x0001
  1333  0032  0100              	DEFW +0x0001
  1334  0034  0100              	DEFW +0x0001
  1335  0036  0100              	DEFW +0x0001
  1336                          _l0:
  1337  0038  0000              	DEFW +0x0000
  1338  003a  0200              	DEFW +0x0002
  1339  003c  0400              	DEFW +0x0004
  1340  003e  0600              	DEFW +0x0006
  1341  0040  0000              	DEFW +0x0000
  1342  0042  0100              	DEFW +0x0001
  1343  0044  0400              	DEFW +0x0004
  1344  0046  0500              	DEFW +0x0005
  1345  0048  0000              	DEFW +0x0000
  1346  004a  0100              	DEFW +0x0001
  1347  004c  0200              	DEFW +0x0002
  1348  004e  0300              	DEFW +0x0003
  1349                          _l1:
  1350  0050  0100              	DEFW +0x0001
  1351  0052  0300              	DEFW +0x0003
  1352  0054  0500              	DEFW +0x0005
  1353  0056  0700              	DEFW +0x0007
  1354  0058  0200              	DEFW +0x0002
  1355  005a  0300              	DEFW +0x0003
  1356  005c  0600              	DEFW +0x0006
  1357  005e  0700              	DEFW +0x0007
  1358  0060  0400              	DEFW +0x0004
  1359  0062  0500              	DEFW +0x0005
  1360  0064  0600              	DEFW +0x0006
  1361  0066  0700              	DEFW +0x0007
  1362                          	SECTION IGNORE
  1363                          
