1     0000              			; 5.11 fixed base=2048
2     0000              DA_	equ	94	; 0.0458
3     0000              DB_	equ	171	; 0.08333
4     0000              R4	equ	8192	; 4.0
5     0000              
6     0000              	org	$d000
7     0000              
8     0000  CD FA 00    	call	init
9     0003  21 FC F7    	ld	hl, DB_*(-12)
10    0006  0E 19       	ld	c, 25
11    0008              Ly:
12    0008  22 1A 01    	ld	(cb), hl
13    000B  3E 0D       	ld	a, $0d
14    000D  DF          	rst	$18
15    000E  3E 0A       	ld	a, $0a
16    0010  DF          	rst	$18
17    0011  21 AE F1    	ld	hl, DA_*(-39)
18    0014  06 4F       	ld	b, 79
19    0016              Lx:
20    0016  22 18 01    	ld	(ca), hl
21    0019  C5          	push	bc
22    001A              
23    001A              ;	ld	hl, (ca)
24    001A  22 1C 01    	ld	(a_), hl
25    001D  2A 1A 01    	ld	hl, (cb)
26    0020  22 1E 01    	ld	(b_), hl
27    0023  CD 93 00    	call	pow
28    0026  AF          	xor	a
29    0027              for_i:
30    0027  32 24 01    	ld	(i_), a
31    002A              				; b = 2*a*b + cb
32    002A  ED 4B 1C 01 	ld	bc, (a_)
33    002E  ED 5B 1E 01 	ld	de, (b_)
34    0032  CD AC 00    	call	mul
35    0035  29          	add	hl, hl
36    0036  ED 5B 1A 01 	ld	de, (cb)
37    003A  19          	add	hl, de
38    003B  22 1E 01    	ld	(b_), hl
39    003E              				; a = a*a - b*b + ca
40    003E  2A 20 01    	ld	hl, (aa)
41    0041  ED 5B 22 01 	ld	de, (bb)
42    0045  B7          	or	a
43    0046  ED 52       	sbc	hl, de
44    0048  ED 5B 18 01 	ld	de, (ca)
45    004C  19          	add	hl, de
46    004D  22 1C 01    	ld	(a_), hl
47    0050              
48    0050  CD 93 00    	call	pow
49    0053  2A 20 01    	ld	hl, (aa)
50    0056  ED 5B 22 01 	ld	de, (bb)
51    005A  19          	add	hl, de
52    005B  11 00 20    	ld	de, R4
53    005E  ED 52       	sbc	hl, de
54    0060  38 06       	jr	c, next_i
55    0062  3A 24 01    	ld	a, (i_)
56    0065  C3 70 00    	jp	exit_i
57    0068              next_i:
58    0068  3A 24 01    	ld	a, (i_)
59    006B  FE 0F       	cp	15
60    006D  3C          	inc	a
61    006E  38 B7       	jr	c, for_i
62    0070              exit_i:
63    0070  21 07 01    	ld	hl, hexstr
64    0073  85          	add	a, l
65    0074  6F          	ld	l, a
66    0075  30 01       	jr	nc, L1
67    0077  24          	inc	h
68    0078              L1:
69    0078  7E          	ld	a, (hl)
70    0079  DF          	rst	$18
71    007A              
72    007A  2A 18 01    	ld	hl, (ca)
73    007D  11 5E 00    	ld	de, DA_
74    0080  19          	add	hl, de
75    0081  C1          	pop	bc
76    0082  10 92       	djnz	Lx
77    0084              
78    0084  2A 1A 01    	ld	hl, (cb)
79    0087  11 AB 00    	ld	de, DB_
80    008A  19          	add	hl, de
81    008B  0D          	dec	c
82    008C  C2 08 00    	jp	nz, Ly
83    008F              L9:
84    008F  76          	halt
85    0090  C3 8F 00    	jp	L9
86    0093              
87    0093              pow:
88    0093  ED 4B 1C 01 	ld	bc, (a_)	; aa = a*a
89    0097  50          	ld	d, b
90    0098  59          	ld	e, c
91    0099  CD AC 00    	call	mul
92    009C  22 20 01    	ld	(aa), hl
93    009F  ED 4B 1E 01 	ld	bc, (b_)	; bb = b*b
94    00A3  50          	ld	d, b
95    00A4  59          	ld	e, c
96    00A5  CD AC 00    	call	mul
97    00A8  22 22 01    	ld	(bb), hl
98    00AB  C9          	ret
99    00AC              
100   00AC              ; hl = (bc*de)>>8
101   00AC              mul:
102   00AC  78          	ld	a, b
103   00AD  AA          	xor	d
104   00AE  F5          	push	af		; sign flag
105   00AF  CB 78       	bit	7, b		; abs bc
106   00B1  28 06       	jr	z, mulnbc
107   00B3  97          	sub	a
108   00B4  91          	sub	c
109   00B5  4F          	ld	c, a
110   00B6  9F          	sbc	a, a
111   00B7  90          	sub	b
112   00B8  47          	ld	b, a
113   00B9              mulnbc:
114   00B9  CB 7A       	bit	7, d		; abs de
115   00BB  28 06       	jr	z, mulnde
116   00BD  97          	sub	a
117   00BE  93          	sub	e
118   00BF  5F          	ld	e, a
119   00C0  9F          	sbc	a, a
120   00C1  92          	sub	d
121   00C2  57          	ld	d, a
122   00C3              mulnde:
123   00C3  21 00 00    	ld	hl, 0
124   00C6  CB 23       	sla	e
125   00C8  CB 12       	rl	d
126   00CA  30 02       	jr	nc, mul1st
127   00CC  60          	ld	h, b
128   00CD  69          	ld	l, c
129   00CE              mul1st:
130   00CE  3E 0F       	ld	a, 15
131   00D0              mulloop:
132   00D0  29          	add	hl, hl
133   00D1  CB 13       	rl	e
134   00D3  CB 12       	rl	d
135   00D5  30 04       	jr	nc, mulnext
136   00D7  09          	add	hl, bc
137   00D8  30 01       	jr	nc, mulnext
138   00DA  13          	inc	de
139   00DB              mulnext:
140   00DB  3D          	dec	a
141   00DC  C2 D0 00    	jp	nz, mulloop
142   00DF              ;	ld	l, h		; hl = dehl>>8
143   00DF              ;	ld	h, e
144   00DF  7C          	ld	a, h		; hl = dehl>>11
145   00E0  CB 3A       	srl	d
146   00E2  CB 1B       	rr	e
147   00E4  1F          	rra
148   00E5  CB 3A       	srl	d
149   00E7  CB 1B       	rr	e
150   00E9  1F          	rra
151   00EA  CB 3A       	srl	d
152   00EC  CB 1B       	rr	e
153   00EE  1F          	rra
154   00EF  63          	ld	h, e
155   00F0  6F          	ld	l, a
156   00F1              
157   00F1  F1          	pop	af
158   00F2  F0          	ret	p
159   00F3  97          	sub	a		; neg hl
160   00F4  95          	sub	l
161   00F5  6F          	ld	l, a
162   00F6  9F          	sbc	a, a
163   00F7  94          	sub	h
164   00F8  67          	ld	h, a
165   00F9  C9          	ret
166   00FA              
167   00FA              init:
168   00FA  01 00 00    	ld	bc, $0000
169   00FD  CD F7 08    	call	$08f7		; function / color
170   0100  01 19 50    	ld	bc, 80*256+25
171   0103  CD 3A 09    	call	$093a		; width
172   0106  C9          	ret
173   0107              
174   0107  30 31 32 33 34 35 36 37 38 39 41 42 43 44 45 46 20 
                        hexstr:	db	"0123456789ABCDEF "
175   0118  00 00       ca:	ds	2
176   011A  00 00       cb:	ds	2
177   011C  00 00       a_:	ds	2
178   011E  00 00       b_:	ds	2
179   0120  00 00       aa:	ds	2
180   0122  00 00       bb:	ds	2
181   0124  00          i_:	ds	1
182   0125              
