1     0000              MODULE sample1_c
2     0000              LINE 0, "sample1.c"
0     0000              
1     0000              ;--------------------------------------------------------
2     0000              ; File Created by SDCC : free open source ANSI-C Compiler
3     0000              ; Version 4.1.0 #12069 (MINGW64)
4     0000              ;--------------------------------------------------------
5     0000              ; Processed by Z88DK
6     0000              ;--------------------------------------------------------
7     0000              
8     0000              	EXTERN __divschar
9     0000              	EXTERN __divschar_callee
10    0000              	EXTERN __divsint
11    0000              	EXTERN __divsint_callee
12    0000              	EXTERN __divslong
13    0000              	EXTERN __divslong_callee
14    0000              	EXTERN __divslonglong
15    0000              	EXTERN __divslonglong_callee
16    0000              	EXTERN __divsuchar
17    0000              	EXTERN __divsuchar_callee
18    0000              	EXTERN __divuchar
19    0000              	EXTERN __divuchar_callee
20    0000              	EXTERN __divuint
21    0000              	EXTERN __divuint_callee
22    0000              	EXTERN __divulong
23    0000              	EXTERN __divulong_callee
24    0000              	EXTERN __divulonglong
25    0000              	EXTERN __divulonglong_callee
26    0000              	EXTERN __divuschar
27    0000              	EXTERN __divuschar_callee
28    0000              	EXTERN __modschar
29    0000              	EXTERN __modschar_callee
30    0000              	EXTERN __modsint
31    0000              	EXTERN __modsint_callee
32    0000              	EXTERN __modslong
33    0000              	EXTERN __modslong_callee
34    0000              	EXTERN __modslonglong
35    0000              	EXTERN __modslonglong_callee
36    0000              	EXTERN __modsuchar
37    0000              	EXTERN __modsuchar_callee
38    0000              	EXTERN __moduchar
39    0000              	EXTERN __moduchar_callee
40    0000              	EXTERN __moduint
41    0000              	EXTERN __moduint_callee
42    0000              	EXTERN __modulong
43    0000              	EXTERN __modulong_callee
44    0000              	EXTERN __modulonglong
45    0000              	EXTERN __modulonglong_callee
46    0000              	EXTERN __moduschar
47    0000              	EXTERN __moduschar_callee
48    0000              	EXTERN __mulint
49    0000              	EXTERN __mulint_callee
50    0000              	EXTERN __mullong
51    0000              	EXTERN __mullong_callee
52    0000              	EXTERN __mullonglong
53    0000              	EXTERN __mullonglong_callee
54    0000              	EXTERN __mulschar
55    0000              	EXTERN __mulschar_callee
56    0000              	EXTERN __mulsuchar
57    0000              	EXTERN __mulsuchar_callee
58    0000              	EXTERN __muluchar
59    0000              	EXTERN __muluchar_callee
60    0000              	EXTERN __muluschar
61    0000              	EXTERN __muluschar_callee
62    0000              	EXTERN __rlslonglong
63    0000              	EXTERN __rlslonglong_callee
64    0000              	EXTERN __rlulonglong
65    0000              	EXTERN __rlulonglong_callee
66    0000              	EXTERN __rrslonglong
67    0000              	EXTERN __rrslonglong_callee
68    0000              	EXTERN __rrulonglong
69    0000              	EXTERN __rrulonglong_callee
70    0000              	EXTERN ___sdcc_call_hl
71    0000              	EXTERN ___sdcc_call_iy
72    0000              	EXTERN ___sdcc_enter_ix
73    0000              	EXTERN banked_call
74    0000              	EXTERN _banked_ret
75    0000              	EXTERN ___fs2schar
76    0000              	EXTERN ___fs2schar_callee
77    0000              	EXTERN ___fs2sint
78    0000              	EXTERN ___fs2sint_callee
79    0000              	EXTERN ___fs2slong
80    0000              	EXTERN ___fs2slong_callee
81    0000              	EXTERN ___fs2slonglong
82    0000              	EXTERN ___fs2slonglong_callee
83    0000              	EXTERN ___fs2uchar
84    0000              	EXTERN ___fs2uchar_callee
85    0000              	EXTERN ___fs2uint
86    0000              	EXTERN ___fs2uint_callee
87    0000              	EXTERN ___fs2ulong
88    0000              	EXTERN ___fs2ulong_callee
89    0000              	EXTERN ___fs2ulonglong
90    0000              	EXTERN ___fs2ulonglong_callee
91    0000              	EXTERN ___fsadd
92    0000              	EXTERN ___fsadd_callee
93    0000              	EXTERN ___fsdiv
94    0000              	EXTERN ___fsdiv_callee
95    0000              	EXTERN ___fseq
96    0000              	EXTERN ___fseq_callee
97    0000              	EXTERN ___fsgt
98    0000              	EXTERN ___fsgt_callee
99    0000              	EXTERN ___fslt
100   0000              	EXTERN ___fslt_callee
101   0000              	EXTERN ___fsmul
102   0000              	EXTERN ___fsmul_callee
103   0000              	EXTERN ___fsneq
104   0000              	EXTERN ___fsneq_callee
105   0000              	EXTERN ___fssub
106   0000              	EXTERN ___fssub_callee
107   0000              	EXTERN ___schar2fs
108   0000              	EXTERN ___schar2fs_callee
109   0000              	EXTERN ___sint2fs
110   0000              	EXTERN ___sint2fs_callee
111   0000              	EXTERN ___slong2fs
112   0000              	EXTERN ___slong2fs_callee
113   0000              	EXTERN ___slonglong2fs
114   0000              	EXTERN ___slonglong2fs_callee
115   0000              	EXTERN ___uchar2fs
116   0000              	EXTERN ___uchar2fs_callee
117   0000              	EXTERN ___uint2fs
118   0000              	EXTERN ___uint2fs_callee
119   0000              	EXTERN ___ulong2fs
120   0000              	EXTERN ___ulong2fs_callee
121   0000              	EXTERN ___ulonglong2fs
122   0000              	EXTERN ___ulonglong2fs_callee
123   0000              	EXTERN ____sdcc_2_copy_src_mhl_dst_deix
124   0000              	EXTERN ____sdcc_2_copy_src_mhl_dst_bcix
125   0000              	EXTERN ____sdcc_4_copy_src_mhl_dst_deix
126   0000              	EXTERN ____sdcc_4_copy_src_mhl_dst_bcix
127   0000              	EXTERN ____sdcc_4_copy_src_mhl_dst_mbc
128   0000              	EXTERN ____sdcc_4_ldi_nosave_bc
129   0000              	EXTERN ____sdcc_4_ldi_save_bc
130   0000              	EXTERN ____sdcc_4_push_hlix
131   0000              	EXTERN ____sdcc_4_push_mhl
132   0000              	EXTERN ____sdcc_lib_setmem_hl
133   0000              	EXTERN ____sdcc_ll_add_de_bc_hl
134   0000              	EXTERN ____sdcc_ll_add_de_bc_hlix
135   0000              	EXTERN ____sdcc_ll_add_de_hlix_bc
136   0000              	EXTERN ____sdcc_ll_add_de_hlix_bcix
137   0000              	EXTERN ____sdcc_ll_add_deix_bc_hl
138   0000              	EXTERN ____sdcc_ll_add_deix_hlix
139   0000              	EXTERN ____sdcc_ll_add_hlix_bc_deix
140   0000              	EXTERN ____sdcc_ll_add_hlix_deix_bc
141   0000              	EXTERN ____sdcc_ll_add_hlix_deix_bcix
142   0000              	EXTERN ____sdcc_ll_asr_hlix_a
143   0000              	EXTERN ____sdcc_ll_asr_mbc_a
144   0000              	EXTERN ____sdcc_ll_copy_src_de_dst_hlix
145   0000              	EXTERN ____sdcc_ll_copy_src_de_dst_hlsp
146   0000              	EXTERN ____sdcc_ll_copy_src_deix_dst_hl
147   0000              	EXTERN ____sdcc_ll_copy_src_deix_dst_hlix
148   0000              	EXTERN ____sdcc_ll_copy_src_deixm_dst_hlsp
149   0000              	EXTERN ____sdcc_ll_copy_src_desp_dst_hlsp
150   0000              	EXTERN ____sdcc_ll_copy_src_hl_dst_de
151   0000              	EXTERN ____sdcc_ll_copy_src_hlsp_dst_de
152   0000              	EXTERN ____sdcc_ll_copy_src_hlsp_dst_deixm
153   0000              	EXTERN ____sdcc_ll_lsl_hlix_a
154   0000              	EXTERN ____sdcc_ll_lsl_mbc_a
155   0000              	EXTERN ____sdcc_ll_lsr_hlix_a
156   0000              	EXTERN ____sdcc_ll_lsr_mbc_a
157   0000              	EXTERN ____sdcc_ll_push_hlix
158   0000              	EXTERN ____sdcc_ll_push_mhl
159   0000              	EXTERN ____sdcc_ll_sub_de_bc_hl
160   0000              	EXTERN ____sdcc_ll_sub_de_bc_hlix
161   0000              	EXTERN ____sdcc_ll_sub_de_hlix_bc
162   0000              	EXTERN ____sdcc_ll_sub_de_hlix_bcix
163   0000              	EXTERN ____sdcc_ll_sub_deix_bc_hl
164   0000              	EXTERN ____sdcc_ll_sub_deix_hlix
165   0000              	EXTERN ____sdcc_ll_sub_hlix_bc_deix
166   0000              	EXTERN ____sdcc_ll_sub_hlix_deix_bc
167   0000              	EXTERN ____sdcc_ll_sub_hlix_deix_bcix
168   0000              	EXTERN ____sdcc_load_debc_deix
169   0000              	EXTERN ____sdcc_load_dehl_deix
170   0000              	EXTERN ____sdcc_load_debc_mhl
171   0000              	EXTERN ____sdcc_load_hlde_mhl
172   0000              	EXTERN ____sdcc_store_dehl_bcix
173   0000              	EXTERN ____sdcc_store_debc_hlix
174   0000              	EXTERN ____sdcc_store_debc_mhl
175   0000              	EXTERN ____sdcc_cpu_pop_ei
176   0000              	EXTERN ____sdcc_cpu_pop_ei_jp
177   0000              	EXTERN ____sdcc_cpu_push_di
178   0000              	EXTERN ____sdcc_outi
179   0000              	EXTERN ____sdcc_outi_128
180   0000              	EXTERN ____sdcc_outi_256
181   0000              	EXTERN ____sdcc_ldi
182   0000              	EXTERN ____sdcc_ldi_128
183   0000              	EXTERN ____sdcc_ldi_256
184   0000              	EXTERN ____sdcc_4_copy_srcd_hlix_dst_deix
185   0000              	EXTERN ____sdcc_4_and_src_mbc_mhl_dst_deix
186   0000              	EXTERN ____sdcc_4_or_src_mbc_mhl_dst_deix
187   0000              	EXTERN ____sdcc_4_xor_src_mbc_mhl_dst_deix
188   0000              	EXTERN ____sdcc_4_or_src_dehl_dst_bcix
189   0000              	EXTERN ____sdcc_4_xor_src_dehl_dst_bcix
190   0000              	EXTERN ____sdcc_4_and_src_dehl_dst_bcix
191   0000              	EXTERN ____sdcc_4_xor_src_mbc_mhl_dst_debc
192   0000              	EXTERN ____sdcc_4_or_src_mbc_mhl_dst_debc
193   0000              	EXTERN ____sdcc_4_and_src_mbc_mhl_dst_debc
194   0000              	EXTERN ____sdcc_4_cpl_src_mhl_dst_debc
195   0000              	EXTERN ____sdcc_4_xor_src_debc_mhl_dst_debc
196   0000              	EXTERN ____sdcc_4_or_src_debc_mhl_dst_debc
197   0000              	EXTERN ____sdcc_4_and_src_debc_mhl_dst_debc
198   0000              	EXTERN ____sdcc_4_and_src_debc_hlix_dst_debc
199   0000              	EXTERN ____sdcc_4_or_src_debc_hlix_dst_debc
200   0000              	EXTERN ____sdcc_4_xor_src_debc_hlix_dst_debc
201   0000              
202   0000              ;--------------------------------------------------------
203   0000              ; Public variables in this module
204   0000              ;--------------------------------------------------------
205   0000              	GLOBAL _main
206   0000              	GLOBAL _hoge
207   0000              	GLOBAL _puts
208   0000              ;--------------------------------------------------------
209   0000              ; Externals used
210   0000              ;--------------------------------------------------------
211   0000              ;--------------------------------------------------------
212   0000              ; special function registers
213   0000              ;--------------------------------------------------------
214   0000              ;--------------------------------------------------------
215   0000              ; ram data
216   0000              ;--------------------------------------------------------
217   0000              	SECTION bss_compiler
218   0000              ;--------------------------------------------------------
219   0000              ; ram data
220   0000              ;--------------------------------------------------------
221   0000              
222   0000              IF 0
223   0000              
224   0000              ; .area _INITIALIZED removed by z88dk
225   0000              
226   0000              
227   0000              ENDIF
228   0000              
229   0000              ;--------------------------------------------------------
230   0000              ; absolute external ram data
231   0000              ;--------------------------------------------------------
232   0000              	SECTION IGNORE
233   0000              ;--------------------------------------------------------
234   0000              ; global & static initialisations
235   0000              ;--------------------------------------------------------
236   0000              	SECTION code_crt_init
237   0000              ;--------------------------------------------------------
238   0000              ; Home
239   0000              ;--------------------------------------------------------
240   0000              	SECTION IGNORE
241   0000              ;--------------------------------------------------------
242   0000              ; code
243   0000              ;--------------------------------------------------------
244   0000              	SECTION code_compiler
245   0000              ;	---------------------------------
246   0000              ; Function puts
247   0000              ; ---------------------------------
248   0000              _puts:
249   0000  C3 ED 52    	jp	52edh
250   0003              ;	---------------------------------
251   0003              ; Function hoge
252   0003              ; ---------------------------------
253   0003              _hoge:
254   0003  22 A8 F0    	ld	(0f0a8h), hl
255   0006  3E 02       	ld	a, 2
256   0008  32 45 EF    	ld	(0ef45h), a
257   000B  C3 22 2D    	jp	2d22h
258   000E              ;	---------------------------------
259   000E              ; Function main
260   000E              ; ---------------------------------
261   000E              _main:
262   000E  21 00 00    	ld	hl,___str_0
263   0011  CD 00 00    	call	_puts
264   0014  11 F0 D8    	ld	de,0xd8f0
265   0017              l_main_00102:
266   0017  D5          	push	de
267   0018  EB          	ex	de, hl
268   0019  CD 03 00    	call	_hoge
269   001C  CD 00 00    	call	_puts
270   001F  21 0F 00    	ld	hl,___str_1
271   0022  CD 00 00    	call	_puts
272   0025  D1          	pop	de
273   0026  21 88 13    	ld	hl,0x1388
274   0029  19          	add	hl, de
275   002A  EB          	ex	de, hl
276   002B  3E 10       	ld	a,0x10
277   002D  BB          	cp	a, e
278   002E  3E 27       	ld	a,0x27
279   0030  9A          	sbc	a, d
280   0031  E2 36 00    	jp	PO, l_main_00112
281   0034  EE 80       	xor	a,0x80
282   0036              l_main_00112:
283   0036  F2 17 00    	jp	P, l_main_00102
284   0039  C9          	ret
285   003A              	SECTION rodata_compiler
286   0000              ___str_0:
287   0000  68 65 6C 6C 6F 2C 20 77 6F 72 6C 64 
                        	DEFM "hello, world"
288   000C  0D          	DEFB 0x0d
289   000D  0A          	DEFB 0x0a
290   000E  00          	DEFB 0x00
291   000F              	SECTION rodata_compiler
292   000F              ___str_1:
293   000F  0D          	DEFB 0x0d
294   0010  0A          	DEFB 0x0a
295   0011  00          	DEFB 0x00
296   0012              	SECTION IGNORE
297   0000              
